2018-09-15 00:10:02 [root] ERROR: '地狱公寓异化'---该小说暂无更新
2018-09-15 00:10:02 [root] ERROR: '全职业武神'---该小说暂无更新
2018-09-15 00:10:02 [root] ERROR: '武炼巅峰'---该小说暂无更新
2018-09-15 00:10:02 [root] ERROR: '三寸人间'---该小说暂无更新
2018-09-15 00:10:02 [root] ERROR: '伏天氏'---该小说暂无更新
2018-09-15 00:10:03 [root] ERROR: '武神宿命'---该小说暂无更新
2018-09-15 00:10:03 [root] ERROR: '地狱公寓之诅咒重启'---该小说暂无更新
2018-09-15 00:10:03 [root] ERROR: '洪荒大主宰'---该小说暂无更新
2018-09-15 02:10:02 [root] ERROR: '洪荒大主宰'---该小说暂无更新
2018-09-15 02:10:02 [root] ERROR: '地狱公寓异化'---该小说暂无更新
2018-09-15 02:10:02 [root] ERROR: '武神宿命'---该小说暂无更新
2018-09-15 02:10:03 [root] ERROR: '伏天氏'---该小说暂无更新
2018-09-15 02:10:03 [root] ERROR: '全职业武神'---该小说暂无更新
2018-09-15 02:10:03 [root] ERROR: '地狱公寓之诅咒重启'---该小说暂无更新
2018-09-15 02:10:03 [root] ERROR: '元尊'---该小说暂无更新
2018-09-15 02:10:03 [root] ERROR: '三寸人间'---该小说暂无更新
2018-09-15 02:10:03 [root] ERROR: '武炼巅峰'---该小说暂无更新
2018-09-15 04:10:03 [root] ERROR: '地狱公寓异化'---该小说暂无更新
2018-09-15 04:10:03 [root] ERROR: '地狱公寓之诅咒重启'---该小说暂无更新
2018-09-15 04:10:03 [root] ERROR: '三寸人间'---该小说暂无更新
2018-09-15 04:10:03 [root] ERROR: '武神宿命'---该小说暂无更新
2018-09-15 04:10:03 [root] ERROR: '伏天氏'---该小说暂无更新
2018-09-15 04:10:03 [root] ERROR: '洪荒大主宰'---该小说暂无更新
2018-09-15 04:10:03 [root] ERROR: '元尊'---该小说暂无更新
2018-09-15 04:10:03 [root] ERROR: '全职业武神'---该小说暂无更新
2018-09-15 04:10:03 [root] ERROR: '武炼巅峰'---该小说暂无更新
2018-09-15 06:10:02 [root] ERROR: '武炼巅峰'---该小说暂无更新
2018-09-15 06:10:02 [root] ERROR: '伏天氏'---该小说暂无更新
2018-09-15 06:10:02 [root] ERROR: '武神宿命'---该小说暂无更新
2018-09-15 06:10:02 [root] ERROR: '元尊'---该小说暂无更新
2018-09-15 06:10:02 [root] ERROR: '三寸人间'---该小说暂无更新
2018-09-15 06:10:03 [root] ERROR: '地狱公寓之诅咒重启'---该小说暂无更新
2018-09-15 06:10:03 [root] ERROR: '全职业武神'---该小说暂无更新
2018-09-15 06:10:03 [root] ERROR: '地狱公寓异化'---该小说暂无更新
2018-09-15 06:10:03 [root] ERROR: '洪荒大主宰'---该小说暂无更新
2018-09-15 08:10:03 [root] ERROR: '三寸人间'---该小说暂无更新
2018-09-15 08:10:03 [root] ERROR: '洪荒大主宰'---该小说暂无更新
2018-09-15 08:10:03 [root] ERROR: '地狱公寓异化'---该小说暂无更新
2018-09-15 08:10:03 [root] ERROR: '元尊'---该小说暂无更新
2018-09-15 08:10:03 [root] ERROR: '伏天氏'---该小说暂无更新
2018-09-15 08:10:03 [root] ERROR: '全职业武神'---该小说暂无更新
2018-09-15 08:10:03 [root] ERROR: '地狱公寓之诅咒重启'---该小说暂无更新
2018-09-15 08:10:04 [root] ERROR: '武神宿命'---该小说暂无更新
2018-09-15 10:10:02 [root] ERROR: '武神宿命'---该小说暂无更新
2018-09-15 10:10:02 [root] ERROR: '武炼巅峰'---该小说暂无更新
2018-09-15 10:10:02 [root] ERROR: '地狱公寓异化'---该小说暂无更新
2018-09-15 10:10:02 [root] ERROR: '全职业武神'---该小说暂无更新
2018-09-15 10:10:02 [root] ERROR: '伏天氏'---该小说暂无更新
2018-09-15 10:10:02 [root] ERROR: '元尊'---该小说暂无更新
2018-09-15 10:10:02 [root] ERROR: '地狱公寓之诅咒重启'---该小说暂无更新
2018-09-15 10:10:02 [root] ERROR: '洪荒大主宰'---该小说暂无更新
2018-09-15 10:10:03 [root] ERROR: '三寸人间'---该小说暂无更新
2018-09-15 12:10:03 [root] ERROR: '元尊'---该小说暂无更新
2018-09-15 12:10:03 [root] ERROR: '洪荒大主宰'---该小说暂无更新
2018-09-15 12:10:03 [root] ERROR: '武炼巅峰'---该小说暂无更新
2018-09-15 12:10:03 [root] ERROR: '全职业武神'---该小说暂无更新
2018-09-15 12:10:03 [root] ERROR: '地狱公寓之诅咒重启'---该小说暂无更新
2018-09-15 12:10:03 [root] ERROR: '武神宿命'---该小说暂无更新
2018-09-15 12:10:03 [root] ERROR: '地狱公寓异化'---该小说暂无更新
2018-09-15 12:10:16 [root] ERROR: '伏天氏'---该小说章节月初，求月票正在手打中
2018-09-15 12:10:17 [root] ERROR: '伏天氏'---该小说章节今晚没有更新了正在手打中
2018-09-15 12:10:17 [root] ERROR: '伏天氏'---该小说章节今晚没有了，改天补上正在手打中
2018-09-15 12:10:19 [root] ERROR: '伏天氏'---该小说章节晚上无更正在手打中
2018-09-15 12:10:20 [root] ERROR: '伏天氏'---该小说章节今晚无更正在手打中
2018-09-15 12:10:21 [root] ERROR: '伏天氏'---该小说章节第五百三十五章 入侵正在手打中
2018-09-15 14:10:03 [root] ERROR: '全职业武神'---该小说暂无更新
2018-09-15 14:10:03 [root] ERROR: '地狱公寓之诅咒重启'---该小说暂无更新
2018-09-15 14:10:03 [root] ERROR: '洪荒大主宰'---该小说暂无更新
2018-09-15 14:10:03 [root] ERROR: '武炼巅峰'---该小说暂无更新
2018-09-15 14:10:03 [root] ERROR: '元尊'---该小说暂无更新
2018-09-15 14:10:03 [root] ERROR: '武神宿命'---该小说暂无更新
2018-09-15 14:10:03 [root] ERROR: '三寸人间'---该小说暂无更新
2018-09-15 14:10:04 [root] ERROR: '地狱公寓异化'---该小说暂无更新
2018-09-15 14:10:10 [root] ERROR: '伏天氏'---该小说章节月初，求月票正在手打中
2018-09-15 14:10:11 [root] ERROR: '伏天氏'---该小说章节今晚没有更新了正在手打中
2018-09-15 14:10:11 [root] ERROR: '伏天氏'---该小说章节今晚没有了，改天补上正在手打中
2018-09-15 14:10:12 [root] ERROR: '伏天氏'---该小说章节晚上无更正在手打中
2018-09-15 14:10:13 [root] ERROR: '伏天氏'---该小说章节今晚无更正在手打中
2018-09-15 16:10:02 [root] ERROR: '地狱公寓之诅咒重启'---该小说暂无更新
2018-09-15 16:10:02 [root] ERROR: '洪荒大主宰'---该小说暂无更新
2018-09-15 16:10:03 [root] ERROR: '三寸人间'---该小说暂无更新
2018-09-15 16:10:03 [root] ERROR: '伏天氏'---该小说暂无更新
2018-09-15 16:10:03 [root] ERROR: '全职业武神'---该小说暂无更新
2018-09-15 16:10:03 [root] ERROR: '地狱公寓异化'---该小说暂无更新
2018-09-15 16:10:03 [root] ERROR: '武神宿命'---该小说暂无更新
2018-09-15 16:10:03 [root] ERROR: '元尊'---该小说暂无更新
2018-09-15 16:10:03 [root] ERROR: '武炼巅峰'---该小说暂无更新
2018-09-15 18:10:03 [root] ERROR: '伏天氏'---该小说暂无更新
2018-09-15 18:10:03 [root] ERROR: '全职业武神'---该小说暂无更新
2018-09-15 18:10:03 [root] ERROR: '地狱公寓异化'---该小说暂无更新
2018-09-15 18:10:03 [root] ERROR: '元尊'---该小说暂无更新
2018-09-15 18:10:03 [root] ERROR: '武神宿命'---该小说暂无更新
2018-09-15 18:10:03 [root] ERROR: '洪荒大主宰'---该小说暂无更新
2018-09-15 18:10:03 [root] ERROR: '地狱公寓之诅咒重启'---该小说暂无更新
2018-09-15 18:12:23 [root] ERROR: '武炼巅峰'---该小说章节第四千三百四十三章 大出血正在手打中
2018-09-15 20:10:02 [root] ERROR: '三寸人间'---该小说暂无更新
2018-09-15 20:10:02 [root] ERROR: '元尊'---该小说暂无更新
2018-09-15 20:10:02 [root] ERROR: '地狱公寓之诅咒重启'---该小说暂无更新
2018-09-15 20:10:02 [root] ERROR: '伏天氏'---该小说暂无更新
2018-09-15 20:10:02 [root] ERROR: '全职业武神'---该小说暂无更新
2018-09-15 20:10:02 [root] ERROR: '武神宿命'---该小说暂无更新
2018-09-15 20:10:02 [root] ERROR: '洪荒大主宰'---该小说暂无更新
2018-09-15 20:10:02 [root] ERROR: '地狱公寓异化'---该小说暂无更新
2018-09-15 22:10:03 [root] ERROR: '元尊'---该小说暂无更新
2018-09-15 22:10:03 [root] ERROR: '三寸人间'---该小说暂无更新
2018-09-15 22:10:03 [root] ERROR: '洪荒大主宰'---该小说暂无更新
2018-09-15 22:10:03 [root] ERROR: '地狱公寓之诅咒重启'---该小说暂无更新
2018-09-15 22:10:03 [root] ERROR: '地狱公寓异化'---该小说暂无更新
2018-09-15 22:10:03 [root] ERROR: '武炼巅峰'---该小说暂无更新
2018-09-15 22:10:03 [root] ERROR: '全职业武神'---该小说暂无更新
2018-09-15 22:10:03 [root] ERROR: '武神宿命'---该小说暂无更新
2018-09-15 22:10:15 [root] ERROR: '伏天氏'---该小说章节月初，求月票正在手打中
2018-09-15 22:10:15 [root] ERROR: '伏天氏'---该小说章节今晚没有更新了正在手打中
2018-09-15 22:10:16 [root] ERROR: '伏天氏'---该小说章节今晚没有了，改天补上正在手打中
2018-09-15 22:10:17 [root] ERROR: '伏天氏'---该小说章节晚上无更正在手打中
2018-09-15 22:10:39 [root] ERROR: '伏天氏'---该小说章节今晚无更正在手打中
