2018-09-12 00:10:03 [root] ERROR: '洪荒大主宰'---该小说暂无更新
2018-09-12 00:10:03 [root] ERROR: '三寸人间'---该小说暂无更新
2018-09-12 00:10:03 [root] ERROR: '武炼巅峰'---该小说暂无更新
2018-09-12 00:10:03 [root] ERROR: '地狱公寓之诅咒重启'---该小说暂无更新
2018-09-12 00:10:03 [root] ERROR: '元尊'---该小说暂无更新
2018-09-12 00:10:03 [root] ERROR: '武神宿命'---该小说暂无更新
2018-09-12 00:10:03 [root] ERROR: '地狱公寓异化'---该小说暂无更新
2018-09-12 00:10:10 [root] ERROR: '伏天氏'---该小说章节月初，求月票正在手打中
2018-09-12 00:10:11 [root] ERROR: '伏天氏'---该小说章节今晚没有更新了正在手打中
2018-09-12 00:10:11 [root] ERROR: '伏天氏'---该小说章节今晚没有了，改天补上正在手打中
2018-09-12 00:10:12 [root] ERROR: '伏天氏'---该小说章节晚上无更正在手打中
2018-09-12 00:10:24 [root] ERROR: '全职业武神'---该小说暂无更新
2018-09-12 02:10:03 [root] ERROR: '洪荒大主宰'---该小说暂无更新
2018-09-12 02:10:03 [root] ERROR: '地狱公寓之诅咒重启'---该小说暂无更新
2018-09-12 02:10:03 [root] ERROR: '武炼巅峰'---该小说暂无更新
2018-09-12 02:10:03 [root] ERROR: '伏天氏'---该小说暂无更新
2018-09-12 02:10:03 [root] ERROR: '武神宿命'---该小说暂无更新
2018-09-12 02:10:03 [root] ERROR: '元尊'---该小说暂无更新
2018-09-12 02:10:03 [root] ERROR: '三寸人间'---该小说暂无更新
2018-09-12 02:10:03 [root] ERROR: '地狱公寓异化'---该小说暂无更新
2018-09-12 02:10:03 [root] ERROR: '全职业武神'---该小说暂无更新
2018-09-12 04:10:02 [root] ERROR: '洪荒大主宰'---该小说暂无更新
2018-09-12 04:10:02 [root] ERROR: '地狱公寓异化'---该小说暂无更新
2018-09-12 04:10:02 [root] ERROR: '三寸人间'---该小说暂无更新
2018-09-12 04:10:02 [root] ERROR: '伏天氏'---该小说暂无更新
2018-09-12 04:10:02 [root] ERROR: '武神宿命'---该小说暂无更新
2018-09-12 04:10:02 [root] ERROR: '元尊'---该小说暂无更新
2018-09-12 04:10:02 [root] ERROR: '地狱公寓之诅咒重启'---该小说暂无更新
2018-09-12 04:10:02 [root] ERROR: '武炼巅峰'---该小说暂无更新
2018-09-12 04:10:02 [root] ERROR: '全职业武神'---该小说暂无更新
2018-09-12 06:10:03 [root] ERROR: '武炼巅峰'---该小说暂无更新
2018-09-12 06:10:03 [root] ERROR: '元尊'---该小说暂无更新
2018-09-12 06:10:03 [root] ERROR: '三寸人间'---该小说暂无更新
2018-09-12 06:10:03 [root] ERROR: '全职业武神'---该小说暂无更新
2018-09-12 06:10:03 [root] ERROR: '武神宿命'---该小说暂无更新
2018-09-12 06:10:03 [root] ERROR: '地狱公寓异化'---该小说暂无更新
2018-09-12 06:10:03 [root] ERROR: '地狱公寓之诅咒重启'---该小说暂无更新
2018-09-12 06:10:03 [root] ERROR: '伏天氏'---该小说暂无更新
2018-09-12 06:10:03 [root] ERROR: '洪荒大主宰'---该小说暂无更新
2018-09-12 08:10:02 [root] ERROR: '武神宿命'---该小说暂无更新
2018-09-12 08:10:02 [root] ERROR: '伏天氏'---该小说暂无更新
2018-09-12 08:10:02 [root] ERROR: '地狱公寓异化'---该小说暂无更新
2018-09-12 08:10:02 [root] ERROR: '地狱公寓之诅咒重启'---该小说暂无更新
2018-09-12 08:10:03 [root] ERROR: '元尊'---该小说暂无更新
2018-09-12 08:10:03 [root] ERROR: '三寸人间'---该小说暂无更新
2018-09-12 08:10:03 [root] ERROR: '全职业武神'---该小说暂无更新
2018-09-12 08:10:03 [root] ERROR: '洪荒大主宰'---该小说暂无更新
2018-09-12 10:10:03 [root] ERROR: '武炼巅峰'---该小说暂无更新
2018-09-12 10:10:03 [root] ERROR: '三寸人间'---该小说暂无更新
2018-09-12 10:10:03 [root] ERROR: '地狱公寓之诅咒重启'---该小说暂无更新
2018-09-12 10:10:03 [root] ERROR: '地狱公寓异化'---该小说暂无更新
2018-09-12 10:10:03 [root] ERROR: '伏天氏'---该小说暂无更新
2018-09-12 10:10:03 [root] ERROR: '武神宿命'---该小说暂无更新
2018-09-12 10:10:03 [root] ERROR: '元尊'---该小说暂无更新
2018-09-12 10:10:03 [root] ERROR: '洪荒大主宰'---该小说暂无更新
2018-09-12 10:10:03 [root] ERROR: '全职业武神'---该小说暂无更新
2018-09-12 10:12:22 [root] ERROR: '武动乾坤'---该小说章节新书大主宰已发。正在手打中
2018-09-12 11:34:38 [root] ERROR: '完美世界'---该小说章节我的新书《圣墟》已上传正在手打中
2018-09-12 12:10:02 [root] ERROR: '武炼巅峰'---该小说暂无更新
2018-09-12 12:10:02 [root] ERROR: '全职业武神'---该小说暂无更新
2018-09-12 12:10:02 [root] ERROR: '伏天氏'---该小说暂无更新
2018-09-12 12:10:02 [root] ERROR: '元尊'---该小说暂无更新
2018-09-12 12:10:02 [root] ERROR: '洪荒大主宰'---该小说暂无更新
2018-09-12 12:10:02 [root] ERROR: '武神宿命'---该小说暂无更新
2018-09-12 12:10:02 [root] ERROR: '地狱公寓之诅咒重启'---该小说暂无更新
2018-09-12 12:10:03 [root] ERROR: '地狱公寓异化'---该小说暂无更新
2018-09-12 14:10:02 [root] ERROR: '地狱公寓异化'---该小说暂无更新
2018-09-12 14:10:02 [root] ERROR: '武炼巅峰'---该小说暂无更新
2018-09-12 14:10:02 [root] ERROR: '洪荒大主宰'---该小说暂无更新
2018-09-12 14:10:02 [root] ERROR: '三寸人间'---该小说暂无更新
2018-09-12 14:10:02 [root] ERROR: '武神宿命'---该小说暂无更新
2018-09-12 14:10:02 [root] ERROR: '地狱公寓之诅咒重启'---该小说暂无更新
2018-09-12 14:10:02 [root] ERROR: '全职业武神'---该小说暂无更新
2018-09-12 14:10:02 [root] ERROR: '元尊'---该小说暂无更新
2018-09-12 14:10:10 [root] ERROR: '伏天氏'---该小说章节月初，求月票正在手打中
2018-09-12 14:10:11 [root] ERROR: '伏天氏'---该小说章节今晚没有更新了正在手打中
2018-09-12 14:10:11 [root] ERROR: '伏天氏'---该小说章节今晚没有了，改天补上正在手打中
2018-09-12 14:10:12 [root] ERROR: '伏天氏'---该小说章节晚上无更正在手打中
2018-09-12 16:10:03 [root] ERROR: '地狱公寓之诅咒重启'---该小说暂无更新
2018-09-12 16:10:03 [root] ERROR: '伏天氏'---该小说暂无更新
2018-09-12 16:10:03 [root] ERROR: '地狱公寓异化'---该小说暂无更新
2018-09-12 16:10:03 [root] ERROR: '全职业武神'---该小说暂无更新
2018-09-12 16:10:03 [root] ERROR: '三寸人间'---该小说暂无更新
2018-09-12 16:10:03 [root] ERROR: '洪荒大主宰'---该小说暂无更新
2018-09-12 16:10:03 [root] ERROR: '武炼巅峰'---该小说暂无更新
2018-09-12 16:10:03 [root] ERROR: '武神宿命'---该小说暂无更新
2018-09-12 16:10:03 [root] ERROR: '元尊'---该小说暂无更新
2018-09-12 18:10:03 [root] ERROR: '洪荒大主宰'---该小说暂无更新
2018-09-12 18:10:03 [root] ERROR: '地狱公寓之诅咒重启'---该小说暂无更新
2018-09-12 18:10:03 [root] ERROR: '武神宿命'---该小说暂无更新
2018-09-12 18:10:03 [root] ERROR: '元尊'---该小说暂无更新
2018-09-12 18:10:03 [root] ERROR: '地狱公寓异化'---该小说暂无更新
2018-09-12 18:10:03 [root] ERROR: '伏天氏'---该小说暂无更新
2018-09-12 18:10:03 [root] ERROR: '全职业武神'---该小说暂无更新
2018-09-12 18:12:19 [root] ERROR: '武炼巅峰'---该小说章节第四千三百三十八章 大动静正在手打中
2018-09-12 20:10:03 [root] ERROR: '三寸人间'---该小说暂无更新
2018-09-12 20:10:03 [root] ERROR: '伏天氏'---该小说暂无更新
2018-09-12 20:10:03 [root] ERROR: '全职业武神'---该小说暂无更新
2018-09-12 20:10:03 [root] ERROR: '武神宿命'---该小说暂无更新
2018-09-12 20:10:03 [root] ERROR: '元尊'---该小说暂无更新
2018-09-12 20:10:03 [root] ERROR: '洪荒大主宰'---该小说暂无更新
2018-09-12 20:10:03 [root] ERROR: '地狱公寓之诅咒重启'---该小说暂无更新
2018-09-12 20:10:03 [root] ERROR: '地狱公寓异化'---该小说暂无更新
2018-09-12 22:10:02 [root] ERROR: '武炼巅峰'---该小说暂无更新
2018-09-12 22:10:02 [root] ERROR: '三寸人间'---该小说暂无更新
2018-09-12 22:10:02 [root] ERROR: '地狱公寓之诅咒重启'---该小说暂无更新
2018-09-12 22:10:02 [root] ERROR: '伏天氏'---该小说暂无更新
2018-09-12 22:10:02 [root] ERROR: '洪荒大主宰'---该小说暂无更新
2018-09-12 22:10:02 [root] ERROR: '武神宿命'---该小说暂无更新
2018-09-12 22:10:02 [root] ERROR: '地狱公寓异化'---该小说暂无更新
2018-09-12 22:10:02 [root] ERROR: '全职业武神'---该小说暂无更新
