2018-10-07 00:10:03 [root] ERROR: '伏天氏'---该小说暂无更新
2018-10-07 00:10:03 [root] ERROR: '元尊'---该小说暂无更新
2018-10-07 00:10:03 [root] ERROR: '武炼巅峰'---该小说暂无更新
2018-10-07 00:10:03 [root] ERROR: '武神宿命'---该小说暂无更新
2018-10-07 00:10:03 [root] ERROR: '三寸人间'---该小说暂无更新
2018-10-07 00:10:03 [root] ERROR: '地狱公寓异化'---该小说暂无更新
2018-10-07 00:10:03 [root] ERROR: '洪荒大主宰'---该小说暂无更新
2018-10-07 00:10:03 [root] ERROR: '全职业武神'---该小说暂无更新
2018-10-07 00:10:03 [root] ERROR: '地狱公寓之诅咒重启'---该小说暂无更新
2018-10-07 02:10:03 [root] ERROR: '武神宿命'---该小说暂无更新
2018-10-07 02:10:03 [root] ERROR: '伏天氏'---该小说暂无更新
2018-10-07 02:10:03 [root] ERROR: '洪荒大主宰'---该小说暂无更新
2018-10-07 02:10:03 [root] ERROR: '元尊'---该小说暂无更新
2018-10-07 02:10:03 [root] ERROR: '三寸人间'---该小说暂无更新
2018-10-07 02:10:03 [root] ERROR: '全职业武神'---该小说暂无更新
2018-10-07 02:10:03 [root] ERROR: '武炼巅峰'---该小说暂无更新
2018-10-07 02:10:03 [root] ERROR: '地狱公寓之诅咒重启'---该小说暂无更新
2018-10-07 02:10:03 [root] ERROR: '地狱公寓异化'---该小说暂无更新
2018-10-07 04:10:02 [root] ERROR: '伏天氏'---该小说暂无更新
2018-10-07 04:10:02 [root] ERROR: '武炼巅峰'---该小说暂无更新
2018-10-07 04:10:02 [root] ERROR: '地狱公寓异化'---该小说暂无更新
2018-10-07 04:10:02 [root] ERROR: '武神宿命'---该小说暂无更新
2018-10-07 04:10:02 [root] ERROR: '洪荒大主宰'---该小说暂无更新
2018-10-07 04:10:02 [root] ERROR: '三寸人间'---该小说暂无更新
2018-10-07 04:10:02 [root] ERROR: '元尊'---该小说暂无更新
2018-10-07 04:10:02 [root] ERROR: '全职业武神'---该小说暂无更新
2018-10-07 04:10:03 [root] ERROR: '地狱公寓之诅咒重启'---该小说暂无更新
2018-10-07 06:10:03 [root] ERROR: '武神宿命'---该小说暂无更新
2018-10-07 06:10:03 [root] ERROR: '伏天氏'---该小说暂无更新
2018-10-07 06:10:03 [root] ERROR: '元尊'---该小说暂无更新
2018-10-07 06:10:03 [root] ERROR: '三寸人间'---该小说暂无更新
2018-10-07 06:10:03 [root] ERROR: '地狱公寓异化'---该小说暂无更新
2018-10-07 06:10:03 [root] ERROR: '武炼巅峰'---该小说暂无更新
2018-10-07 06:10:03 [root] ERROR: '洪荒大主宰'---该小说暂无更新
2018-10-07 06:10:03 [root] ERROR: '地狱公寓之诅咒重启'---该小说暂无更新
2018-10-07 06:10:03 [root] ERROR: '全职业武神'---该小说暂无更新
2018-10-07 08:10:03 [root] ERROR: '元尊'---该小说暂无更新
2018-10-07 08:10:03 [root] ERROR: '伏天氏'---该小说暂无更新
2018-10-07 08:10:03 [root] ERROR: '三寸人间'---该小说暂无更新
2018-10-07 08:10:03 [root] ERROR: '洪荒大主宰'---该小说暂无更新
2018-10-07 08:10:03 [root] ERROR: '地狱公寓之诅咒重启'---该小说暂无更新
2018-10-07 08:10:03 [root] ERROR: '地狱公寓异化'---该小说暂无更新
2018-10-07 08:10:03 [root] ERROR: '武神宿命'---该小说暂无更新
2018-10-07 08:10:03 [root] ERROR: '全职业武神'---该小说暂无更新
2018-10-07 10:10:03 [root] ERROR: '武炼巅峰'---该小说暂无更新
2018-10-07 10:10:03 [root] ERROR: '三寸人间'---该小说暂无更新
2018-10-07 10:10:03 [root] ERROR: '武神宿命'---该小说暂无更新
2018-10-07 10:10:03 [root] ERROR: '伏天氏'---该小说暂无更新
2018-10-07 10:10:03 [root] ERROR: '洪荒大主宰'---该小说暂无更新
2018-10-07 10:10:03 [root] ERROR: '元尊'---该小说暂无更新
2018-10-07 10:10:03 [root] ERROR: '全职业武神'---该小说暂无更新
2018-10-07 10:10:03 [root] ERROR: '地狱公寓之诅咒重启'---该小说暂无更新
2018-10-07 10:10:03 [root] ERROR: '地狱公寓异化'---该小说暂无更新
2018-10-07 12:10:03 [root] ERROR: '武炼巅峰'---该小说暂无更新
2018-10-07 12:10:03 [root] ERROR: '元尊'---该小说暂无更新
2018-10-07 12:10:03 [root] ERROR: '地狱公寓之诅咒重启'---该小说暂无更新
2018-10-07 12:10:03 [root] ERROR: '洪荒大主宰'---该小说暂无更新
2018-10-07 12:10:03 [root] ERROR: '伏天氏'---该小说暂无更新
2018-10-07 12:10:03 [root] ERROR: '全职业武神'---该小说暂无更新
2018-10-07 12:10:03 [root] ERROR: '地狱公寓异化'---该小说暂无更新
2018-10-07 12:10:03 [root] ERROR: '武神宿命'---该小说暂无更新
2018-10-07 14:10:02 [root] ERROR: '武神宿命'---该小说暂无更新
2018-10-07 14:10:02 [root] ERROR: '元尊'---该小说暂无更新
2018-10-07 14:10:02 [root] ERROR: '三寸人间'---该小说暂无更新
2018-10-07 14:10:02 [root] ERROR: '武炼巅峰'---该小说暂无更新
2018-10-07 14:10:02 [root] ERROR: '洪荒大主宰'---该小说暂无更新
2018-10-07 14:10:02 [root] ERROR: '地狱公寓之诅咒重启'---该小说暂无更新
2018-10-07 14:10:02 [root] ERROR: '地狱公寓异化'---该小说暂无更新
2018-10-07 14:10:03 [root] ERROR: '全职业武神'---该小说暂无更新
2018-10-07 14:10:09 [root] ERROR: '伏天氏'---该小说章节月初，求月票正在手打中
2018-10-07 14:10:09 [root] ERROR: '伏天氏'---该小说章节今晚没有更新了正在手打中
2018-10-07 14:10:10 [root] ERROR: '伏天氏'---该小说章节今晚没有了，改天补上正在手打中
2018-10-07 14:10:10 [root] ERROR: '伏天氏'---该小说章节晚上无更正在手打中
2018-10-07 14:10:11 [root] ERROR: '伏天氏'---该小说章节今晚无更正在手打中
2018-10-07 14:10:12 [root] ERROR: '伏天氏'---该小说章节起床求月票了正在手打中
2018-10-07 16:10:02 [root] ERROR: '武炼巅峰'---该小说暂无更新
2018-10-07 16:10:02 [root] ERROR: '三寸人间'---该小说暂无更新
2018-10-07 16:10:03 [root] ERROR: '伏天氏'---该小说暂无更新
2018-10-07 16:10:03 [root] ERROR: '元尊'---该小说暂无更新
2018-10-07 16:10:03 [root] ERROR: '武神宿命'---该小说暂无更新
2018-10-07 16:10:03 [root] ERROR: '地狱公寓异化'---该小说暂无更新
2018-10-07 16:10:03 [root] ERROR: '地狱公寓之诅咒重启'---该小说暂无更新
2018-10-07 16:10:03 [root] ERROR: '全职业武神'---该小说暂无更新
2018-10-07 16:10:03 [root] ERROR: '洪荒大主宰'---该小说暂无更新
2018-10-07 18:10:03 [root] ERROR: '武神宿命'---该小说暂无更新
2018-10-07 18:10:03 [root] ERROR: '地狱公寓之诅咒重启'---该小说暂无更新
2018-10-07 18:10:03 [root] ERROR: '地狱公寓异化'---该小说暂无更新
2018-10-07 18:10:03 [root] ERROR: '洪荒大主宰'---该小说暂无更新
2018-10-07 18:10:03 [root] ERROR: '全职业武神'---该小说暂无更新
2018-10-07 18:10:03 [root] ERROR: '元尊'---该小说暂无更新
2018-10-07 18:10:03 [root] ERROR: '伏天氏'---该小说暂无更新
2018-10-07 18:12:10 [root] ERROR: '武炼巅峰'---该小说章节第四千三百七十七章 小乾坤正在手打中
2018-10-07 20:10:03 [root] ERROR: '全职业武神'---该小说暂无更新
2018-10-07 20:10:03 [root] ERROR: '三寸人间'---该小说暂无更新
2018-10-07 20:10:03 [root] ERROR: '地狱公寓异化'---该小说暂无更新
2018-10-07 20:10:03 [root] ERROR: '武神宿命'---该小说暂无更新
2018-10-07 20:10:03 [root] ERROR: '伏天氏'---该小说暂无更新
2018-10-07 20:10:03 [root] ERROR: '元尊'---该小说暂无更新
2018-10-07 20:10:04 [root] ERROR: '洪荒大主宰'---该小说暂无更新
2018-10-07 20:10:04 [root] ERROR: '地狱公寓之诅咒重启'---该小说暂无更新
2018-10-07 22:10:02 [root] ERROR: '武炼巅峰'---该小说暂无更新
2018-10-07 22:10:02 [root] ERROR: '武神宿命'---该小说暂无更新
2018-10-07 22:10:02 [root] ERROR: '地狱公寓之诅咒重启'---该小说暂无更新
2018-10-07 22:10:02 [root] ERROR: '三寸人间'---该小说暂无更新
2018-10-07 22:10:02 [root] ERROR: '洪荒大主宰'---该小说暂无更新
2018-10-07 22:10:02 [root] ERROR: '伏天氏'---该小说暂无更新
2018-10-07 22:10:02 [root] ERROR: '全职业武神'---该小说暂无更新
2018-10-07 22:10:02 [root] ERROR: '地狱公寓异化'---该小说暂无更新
