2018-09-18 00:10:02 [root] ERROR: '武炼巅峰'---该小说暂无更新
2018-09-18 00:10:02 [root] ERROR: '地狱公寓之诅咒重启'---该小说暂无更新
2018-09-18 00:10:02 [root] ERROR: '三寸人间'---该小说暂无更新
2018-09-18 00:10:02 [root] ERROR: '武神宿命'---该小说暂无更新
2018-09-18 00:10:02 [root] ERROR: '地狱公寓异化'---该小说暂无更新
2018-09-18 00:10:02 [root] ERROR: '洪荒大主宰'---该小说暂无更新
2018-09-18 00:10:03 [root] ERROR: '全职业武神'---该小说暂无更新
2018-09-18 00:10:03 [root] ERROR: '元尊'---该小说暂无更新
2018-09-18 00:10:10 [root] ERROR: '伏天氏'---该小说章节月初，求月票正在手打中
2018-09-18 00:10:11 [root] ERROR: '伏天氏'---该小说章节今晚没有更新了正在手打中
2018-09-18 00:10:11 [root] ERROR: '伏天氏'---该小说章节今晚没有了，改天补上正在手打中
2018-09-18 00:10:12 [root] ERROR: '伏天氏'---该小说章节晚上无更正在手打中
2018-09-18 00:10:13 [root] ERROR: '伏天氏'---该小说章节今晚无更正在手打中
2018-09-18 02:10:02 [root] ERROR: '武炼巅峰'---该小说暂无更新
2018-09-18 02:10:02 [root] ERROR: '全职业武神'---该小说暂无更新
2018-09-18 02:10:02 [root] ERROR: '武神宿命'---该小说暂无更新
2018-09-18 02:10:02 [root] ERROR: '地狱公寓之诅咒重启'---该小说暂无更新
2018-09-18 02:10:02 [root] ERROR: '洪荒大主宰'---该小说暂无更新
2018-09-18 02:10:02 [root] ERROR: '伏天氏'---该小说暂无更新
2018-09-18 02:10:02 [root] ERROR: '三寸人间'---该小说暂无更新
2018-09-18 02:10:02 [root] ERROR: '地狱公寓异化'---该小说暂无更新
2018-09-18 02:10:03 [root] ERROR: '元尊'---该小说暂无更新
2018-09-18 04:10:03 [root] ERROR: '全职业武神'---该小说暂无更新
2018-09-18 04:10:03 [root] ERROR: '洪荒大主宰'---该小说暂无更新
2018-09-18 04:10:03 [root] ERROR: '武神宿命'---该小说暂无更新
2018-09-18 04:10:03 [root] ERROR: '地狱公寓异化'---该小说暂无更新
2018-09-18 04:10:03 [root] ERROR: '武炼巅峰'---该小说暂无更新
2018-09-18 04:10:03 [root] ERROR: '三寸人间'---该小说暂无更新
2018-09-18 04:10:03 [root] ERROR: '地狱公寓之诅咒重启'---该小说暂无更新
2018-09-18 04:10:03 [root] ERROR: '伏天氏'---该小说暂无更新
2018-09-18 04:10:03 [root] ERROR: '元尊'---该小说暂无更新
2018-09-18 06:10:03 [root] ERROR: '洪荒大主宰'---该小说暂无更新
2018-09-18 06:10:03 [root] ERROR: '武炼巅峰'---该小说暂无更新
2018-09-18 06:10:03 [root] ERROR: '伏天氏'---该小说暂无更新
2018-09-18 06:10:03 [root] ERROR: '全职业武神'---该小说暂无更新
2018-09-18 06:10:03 [root] ERROR: '地狱公寓异化'---该小说暂无更新
2018-09-18 06:10:03 [root] ERROR: '地狱公寓之诅咒重启'---该小说暂无更新
2018-09-18 06:10:03 [root] ERROR: '三寸人间'---该小说暂无更新
2018-09-18 06:10:03 [root] ERROR: '武神宿命'---该小说暂无更新
2018-09-18 06:10:03 [root] ERROR: '元尊'---该小说暂无更新
2018-09-18 08:10:02 [root] ERROR: '武神宿命'---该小说暂无更新
2018-09-18 08:10:03 [root] ERROR: '伏天氏'---该小说暂无更新
2018-09-18 08:10:03 [root] ERROR: '元尊'---该小说暂无更新
2018-09-18 08:10:03 [root] ERROR: '全职业武神'---该小说暂无更新
2018-09-18 08:10:03 [root] ERROR: '三寸人间'---该小说暂无更新
2018-09-18 08:10:03 [root] ERROR: '地狱公寓之诅咒重启'---该小说暂无更新
2018-09-18 08:10:03 [root] ERROR: '地狱公寓异化'---该小说暂无更新
2018-09-18 08:10:03 [root] ERROR: '洪荒大主宰'---该小说暂无更新
2018-09-18 10:10:02 [root] ERROR: '武炼巅峰'---该小说暂无更新
2018-09-18 10:10:02 [root] ERROR: '三寸人间'---该小说暂无更新
2018-09-18 10:10:02 [root] ERROR: '伏天氏'---该小说暂无更新
2018-09-18 10:10:02 [root] ERROR: '洪荒大主宰'---该小说暂无更新
2018-09-18 10:10:02 [root] ERROR: '元尊'---该小说暂无更新
2018-09-18 10:10:02 [root] ERROR: '武神宿命'---该小说暂无更新
2018-09-18 10:10:02 [root] ERROR: '全职业武神'---该小说暂无更新
2018-09-18 10:10:02 [root] ERROR: '地狱公寓异化'---该小说暂无更新
2018-09-18 10:10:02 [root] ERROR: '地狱公寓之诅咒重启'---该小说暂无更新
2018-09-18 12:10:02 [root] ERROR: '武炼巅峰'---该小说暂无更新
2018-09-18 12:10:02 [root] ERROR: '地狱公寓之诅咒重启'---该小说暂无更新
2018-09-18 12:10:02 [root] ERROR: '洪荒大主宰'---该小说暂无更新
2018-09-18 12:10:02 [root] ERROR: '地狱公寓异化'---该小说暂无更新
2018-09-18 12:10:02 [root] ERROR: '全职业武神'---该小说暂无更新
2018-09-18 12:10:02 [root] ERROR: '伏天氏'---该小说暂无更新
2018-09-18 12:10:02 [root] ERROR: '元尊'---该小说暂无更新
2018-09-18 12:10:02 [root] ERROR: '武神宿命'---该小说暂无更新
2018-09-18 14:10:03 [root] ERROR: '武炼巅峰'---该小说暂无更新
2018-09-18 14:10:03 [root] ERROR: '地狱公寓异化'---该小说暂无更新
2018-09-18 14:10:03 [root] ERROR: '洪荒大主宰'---该小说暂无更新
2018-09-18 14:10:03 [root] ERROR: '武神宿命'---该小说暂无更新
2018-09-18 14:10:03 [root] ERROR: '元尊'---该小说暂无更新
2018-09-18 14:10:03 [root] ERROR: '三寸人间'---该小说暂无更新
2018-09-18 14:10:03 [root] ERROR: '全职业武神'---该小说暂无更新
2018-09-18 14:10:03 [root] ERROR: '地狱公寓之诅咒重启'---该小说暂无更新
2018-09-18 14:10:11 [root] ERROR: '伏天氏'---该小说章节月初，求月票正在手打中
2018-09-18 14:10:11 [root] ERROR: '伏天氏'---该小说章节今晚没有更新了正在手打中
2018-09-18 14:10:11 [root] ERROR: '伏天氏'---该小说章节今晚没有了，改天补上正在手打中
2018-09-18 14:10:12 [root] ERROR: '伏天氏'---该小说章节晚上无更正在手打中
2018-09-18 14:10:13 [root] ERROR: '伏天氏'---该小说章节今晚无更正在手打中
2018-09-18 16:10:03 [root] ERROR: '武炼巅峰'---该小说暂无更新
2018-09-18 16:10:03 [root] ERROR: '元尊'---该小说暂无更新
2018-09-18 16:10:03 [root] ERROR: '三寸人间'---该小说暂无更新
2018-09-18 16:10:03 [root] ERROR: '地狱公寓之诅咒重启'---该小说暂无更新
2018-09-18 16:10:03 [root] ERROR: '全职业武神'---该小说暂无更新
2018-09-18 16:10:03 [root] ERROR: '洪荒大主宰'---该小说暂无更新
2018-09-18 16:10:03 [root] ERROR: '武神宿命'---该小说暂无更新
2018-09-18 16:10:03 [root] ERROR: '地狱公寓异化'---该小说暂无更新
2018-09-18 16:10:03 [root] ERROR: '伏天氏'---该小说暂无更新
2018-09-18 18:10:03 [root] ERROR: '元尊'---该小说暂无更新
2018-09-18 18:10:03 [root] ERROR: '伏天氏'---该小说暂无更新
2018-09-18 18:10:03 [root] ERROR: '洪荒大主宰'---该小说暂无更新
2018-09-18 18:10:03 [root] ERROR: '地狱公寓异化'---该小说暂无更新
2018-09-18 18:10:03 [root] ERROR: '全职业武神'---该小说暂无更新
2018-09-18 18:10:03 [root] ERROR: '武神宿命'---该小说暂无更新
2018-09-18 18:10:03 [root] ERROR: '地狱公寓之诅咒重启'---该小说暂无更新
2018-09-18 18:13:28 [root] ERROR: '武炼巅峰'---该小说章节第四千三百四十七章 大月州来人正在手打中
2018-09-18 20:10:02 [root] ERROR: '三寸人间'---该小说暂无更新
2018-09-18 20:10:02 [root] ERROR: '伏天氏'---该小说暂无更新
2018-09-18 20:10:02 [root] ERROR: '地狱公寓之诅咒重启'---该小说暂无更新
2018-09-18 20:10:02 [root] ERROR: '地狱公寓异化'---该小说暂无更新
2018-09-18 20:10:02 [root] ERROR: '全职业武神'---该小说暂无更新
2018-09-18 20:10:02 [root] ERROR: '元尊'---该小说暂无更新
2018-09-18 20:10:02 [root] ERROR: '武神宿命'---该小说暂无更新
2018-09-18 20:10:03 [root] ERROR: '洪荒大主宰'---该小说暂无更新
2018-09-18 22:10:03 [root] ERROR: '伏天氏'---该小说暂无更新
2018-09-18 22:10:03 [root] ERROR: '全职业武神'---该小说暂无更新
2018-09-18 22:10:03 [root] ERROR: '武炼巅峰'---该小说暂无更新
2018-09-18 22:10:03 [root] ERROR: '三寸人间'---该小说暂无更新
2018-09-18 22:10:03 [root] ERROR: '武神宿命'---该小说暂无更新
2018-09-18 22:10:03 [root] ERROR: '地狱公寓之诅咒重启'---该小说暂无更新
2018-09-18 22:10:03 [root] ERROR: '地狱公寓异化'---该小说暂无更新
2018-09-18 22:10:03 [root] ERROR: '洪荒大主宰'---该小说暂无更新
2018-09-18 22:10:13 [root] ERROR: '元尊'---该小说章节正文 第五百六十九章 范妖正在手打中
