2018-09-10 15:14:04 [root] ERROR: '绝世武神'---该小说章节正文 VIP卷_第1162章 君莫惜下落（二更求保底花）正在手打中
2018-09-10 15:14:05 [root] ERROR: '绝世武神'---该小说章节正文 VIP卷_感谢所有武神的兄弟正在手打中
2018-09-10 15:15:01 [root] ERROR: '绝世武神'---该小说章节正文 VIP卷_第1514章 街道上的杀意正在手打中
2018-09-10 15:15:31 [root] ERROR: '绝世武神'---该小说章节正文 九霄争锋_第1707章 交易背后正在手打中
2018-09-10 15:16:53 [root] ERROR: '绝世武神'---该小说章节正文 绝世王者_第2214章 曾经的战争正在手打中
2018-09-10 16:10:03 [root] ERROR: '三寸人间'---该小说暂无更新
2018-09-10 16:10:03 [root] ERROR: '全职业武神'---该小说暂无更新
2018-09-10 16:10:03 [root] ERROR: '地狱公寓异化'---该小说暂无更新
2018-09-10 16:10:03 [root] ERROR: '武神宿命'---该小说暂无更新
2018-09-10 16:10:03 [root] ERROR: '武炼巅峰'---该小说暂无更新
2018-09-10 16:10:03 [root] ERROR: '地狱公寓之诅咒重启'---该小说暂无更新
2018-09-10 16:10:03 [root] ERROR: '洪荒大主宰'---该小说暂无更新
2018-09-10 16:10:03 [root] ERROR: '元尊'---该小说暂无更新
2018-09-10 16:25:09 [root] ERROR: '诛仙'---该小说暂无更新
2018-09-10 16:26:40 [root] ERROR: '伏天氏'---该小说章节月初，求月票正在手打中
2018-09-10 16:26:42 [root] ERROR: '伏天氏'---该小说章节今晚没有更新了正在手打中
2018-09-10 16:26:45 [root] ERROR: '伏天氏'---该小说章节今晚没有了，改天补上正在手打中
2018-09-10 16:26:51 [root] ERROR: '伏天氏'---该小说章节晚上无更正在手打中
2018-09-10 18:10:03 [root] ERROR: '武神宿命'---该小说暂无更新
2018-09-10 18:10:03 [root] ERROR: '地狱公寓之诅咒重启'---该小说暂无更新
2018-09-10 18:10:03 [root] ERROR: '地狱公寓异化'---该小说暂无更新
2018-09-10 18:10:03 [root] ERROR: '元尊'---该小说暂无更新
2018-09-10 18:10:03 [root] ERROR: '全职业武神'---该小说暂无更新
2018-09-10 18:10:03 [root] ERROR: '洪荒大主宰'---该小说暂无更新
2018-09-10 18:12:20 [root] ERROR: '武炼巅峰'---该小说章节第四千三百三十五章 龙生九子正在手打中
2018-09-10 20:10:02 [root] ERROR: '三寸人间'---该小说暂无更新
2018-09-10 20:10:02 [root] ERROR: '元尊'---该小说暂无更新
2018-09-10 20:10:02 [root] ERROR: '地狱公寓异化'---该小说暂无更新
2018-09-10 20:10:02 [root] ERROR: '洪荒大主宰'---该小说暂无更新
2018-09-10 20:10:02 [root] ERROR: '全职业武神'---该小说暂无更新
2018-09-10 20:10:02 [root] ERROR: '地狱公寓之诅咒重启'---该小说暂无更新
2018-09-10 20:10:03 [root] ERROR: '武神宿命'---该小说暂无更新
2018-09-10 22:10:03 [root] ERROR: '三寸人间'---该小说暂无更新
2018-09-10 22:10:03 [root] ERROR: '武炼巅峰'---该小说暂无更新
2018-09-10 22:10:03 [root] ERROR: '全职业武神'---该小说暂无更新
2018-09-10 22:10:03 [root] ERROR: '地狱公寓之诅咒重启'---该小说暂无更新
2018-09-10 22:10:03 [root] ERROR: '洪荒大主宰'---该小说暂无更新
2018-09-10 22:10:03 [root] ERROR: '地狱公寓异化'---该小说暂无更新
2018-09-10 22:10:03 [root] ERROR: '武神宿命'---该小说暂无更新
