2018-09-19 00:10:03 [root] ERROR: '武炼巅峰'---该小说暂无更新
2018-09-19 00:10:03 [root] ERROR: '地狱公寓异化'---该小说暂无更新
2018-09-19 00:10:03 [root] ERROR: '三寸人间'---该小说暂无更新
2018-09-19 00:10:03 [root] ERROR: '洪荒大主宰'---该小说暂无更新
2018-09-19 00:10:03 [root] ERROR: '武神宿命'---该小说暂无更新
2018-09-19 00:10:03 [root] ERROR: '全职业武神'---该小说暂无更新
2018-09-19 00:10:03 [root] ERROR: '地狱公寓之诅咒重启'---该小说暂无更新
2018-09-19 00:10:11 [root] ERROR: '伏天氏'---该小说章节月初，求月票正在手打中
2018-09-19 00:10:11 [root] ERROR: '伏天氏'---该小说章节今晚没有更新了正在手打中
2018-09-19 00:10:11 [root] ERROR: '伏天氏'---该小说章节今晚没有了，改天补上正在手打中
2018-09-19 00:10:12 [root] ERROR: '伏天氏'---该小说章节晚上无更正在手打中
2018-09-19 00:10:14 [root] ERROR: '伏天氏'---该小说章节今晚无更正在手打中
2018-09-19 00:10:24 [root] ERROR: '元尊'---该小说章节正文 第五百六十九章 范妖正在手打中
2018-09-19 02:10:03 [root] ERROR: '武神宿命'---该小说暂无更新
2018-09-19 02:10:03 [root] ERROR: '三寸人间'---该小说暂无更新
2018-09-19 02:10:03 [root] ERROR: '地狱公寓之诅咒重启'---该小说暂无更新
2018-09-19 02:10:03 [root] ERROR: '伏天氏'---该小说暂无更新
2018-09-19 02:10:03 [root] ERROR: '全职业武神'---该小说暂无更新
2018-09-19 02:10:03 [root] ERROR: '武炼巅峰'---该小说暂无更新
2018-09-19 02:10:03 [root] ERROR: '地狱公寓异化'---该小说暂无更新
2018-09-19 02:10:03 [root] ERROR: '洪荒大主宰'---该小说暂无更新
2018-09-19 04:10:02 [root] ERROR: '伏天氏'---该小说暂无更新
2018-09-19 04:10:02 [root] ERROR: '武炼巅峰'---该小说暂无更新
2018-09-19 04:10:02 [root] ERROR: '洪荒大主宰'---该小说暂无更新
2018-09-19 04:10:02 [root] ERROR: '地狱公寓异化'---该小说暂无更新
2018-09-19 04:10:02 [root] ERROR: '全职业武神'---该小说暂无更新
2018-09-19 04:10:02 [root] ERROR: '元尊'---该小说暂无更新
2018-09-19 04:10:02 [root] ERROR: '三寸人间'---该小说暂无更新
2018-09-19 04:10:02 [root] ERROR: '地狱公寓之诅咒重启'---该小说暂无更新
2018-09-19 04:10:02 [root] ERROR: '武神宿命'---该小说暂无更新
2018-09-19 06:10:03 [root] ERROR: '元尊'---该小说暂无更新
2018-09-19 06:10:03 [root] ERROR: '武炼巅峰'---该小说暂无更新
2018-09-19 06:10:03 [root] ERROR: '全职业武神'---该小说暂无更新
2018-09-19 06:10:03 [root] ERROR: '三寸人间'---该小说暂无更新
2018-09-19 06:10:03 [root] ERROR: '武神宿命'---该小说暂无更新
2018-09-19 06:10:03 [root] ERROR: '洪荒大主宰'---该小说暂无更新
2018-09-19 06:10:03 [root] ERROR: '地狱公寓异化'---该小说暂无更新
2018-09-19 06:10:03 [root] ERROR: '伏天氏'---该小说暂无更新
2018-09-19 06:10:08 [root] ERROR: '地狱公寓之诅咒重启'---该小说暂无更新
2018-09-19 08:10:03 [root] ERROR: '伏天氏'---该小说暂无更新
2018-09-19 08:10:03 [root] ERROR: '全职业武神'---该小说暂无更新
2018-09-19 08:10:03 [root] ERROR: '武神宿命'---该小说暂无更新
2018-09-19 08:10:03 [root] ERROR: '地狱公寓之诅咒重启'---该小说暂无更新
2018-09-19 08:10:03 [root] ERROR: '地狱公寓异化'---该小说暂无更新
2018-09-19 08:10:03 [root] ERROR: '三寸人间'---该小说暂无更新
2018-09-19 08:10:03 [root] ERROR: '武炼巅峰'---该小说暂无更新
2018-09-19 08:10:03 [root] ERROR: '洪荒大主宰'---该小说暂无更新
2018-09-19 08:10:03 [root] ERROR: '元尊'---该小说暂无更新
2018-09-19 10:10:03 [root] ERROR: '三寸人间'---该小说暂无更新
2018-09-19 10:10:03 [root] ERROR: '地狱公寓异化'---该小说暂无更新
2018-09-19 10:10:03 [root] ERROR: '伏天氏'---该小说暂无更新
2018-09-19 10:10:03 [root] ERROR: '元尊'---该小说暂无更新
2018-09-19 10:10:03 [root] ERROR: '武神宿命'---该小说暂无更新
2018-09-19 10:10:03 [root] ERROR: '地狱公寓之诅咒重启'---该小说暂无更新
2018-09-19 10:10:03 [root] ERROR: '全职业武神'---该小说暂无更新
2018-09-19 10:10:03 [root] ERROR: '洪荒大主宰'---该小说暂无更新
2018-09-19 12:10:03 [root] ERROR: '武神宿命'---该小说暂无更新
2018-09-19 12:10:03 [root] ERROR: '元尊'---该小说暂无更新
2018-09-19 12:10:03 [root] ERROR: '洪荒大主宰'---该小说暂无更新
2018-09-19 12:10:03 [root] ERROR: '全职业武神'---该小说暂无更新
2018-09-19 12:10:03 [root] ERROR: '地狱公寓之诅咒重启'---该小说暂无更新
2018-09-19 12:10:03 [root] ERROR: '武炼巅峰'---该小说暂无更新
2018-09-19 12:10:03 [root] ERROR: '伏天氏'---该小说暂无更新
2018-09-19 12:10:03 [root] ERROR: '地狱公寓异化'---该小说暂无更新
2018-09-19 14:10:03 [root] ERROR: '地狱公寓异化'---该小说暂无更新
2018-09-19 14:10:03 [root] ERROR: '三寸人间'---该小说暂无更新
2018-09-19 14:10:03 [root] ERROR: '元尊'---该小说暂无更新
2018-09-19 14:10:03 [root] ERROR: '洪荒大主宰'---该小说暂无更新
2018-09-19 14:10:03 [root] ERROR: '武炼巅峰'---该小说暂无更新
2018-09-19 14:10:03 [root] ERROR: '地狱公寓之诅咒重启'---该小说暂无更新
2018-09-19 14:10:03 [root] ERROR: '武神宿命'---该小说暂无更新
2018-09-19 14:10:03 [root] ERROR: '全职业武神'---该小说暂无更新
2018-09-19 14:10:10 [root] ERROR: '伏天氏'---该小说章节月初，求月票正在手打中
2018-09-19 14:10:11 [root] ERROR: '伏天氏'---该小说章节今晚没有更新了正在手打中
2018-09-19 14:10:11 [root] ERROR: '伏天氏'---该小说章节今晚没有了，改天补上正在手打中
2018-09-19 14:10:12 [root] ERROR: '伏天氏'---该小说章节晚上无更正在手打中
2018-09-19 14:10:14 [root] ERROR: '伏天氏'---该小说章节今晚无更正在手打中
2018-09-19 16:10:02 [root] ERROR: '武炼巅峰'---该小说暂无更新
2018-09-19 16:10:02 [root] ERROR: '三寸人间'---该小说暂无更新
2018-09-19 16:10:02 [root] ERROR: '地狱公寓之诅咒重启'---该小说暂无更新
2018-09-19 16:10:02 [root] ERROR: '全职业武神'---该小说暂无更新
2018-09-19 16:10:02 [root] ERROR: '武神宿命'---该小说暂无更新
2018-09-19 16:10:02 [root] ERROR: '地狱公寓异化'---该小说暂无更新
2018-09-19 16:10:02 [root] ERROR: '伏天氏'---该小说暂无更新
2018-09-19 16:10:02 [root] ERROR: '洪荒大主宰'---该小说暂无更新
2018-09-19 16:10:02 [root] ERROR: '元尊'---该小说暂无更新
2018-09-19 18:10:02 [root] ERROR: '武炼巅峰'---该小说暂无更新
2018-09-19 18:10:02 [root] ERROR: '地狱公寓之诅咒重启'---该小说暂无更新
2018-09-19 18:10:02 [root] ERROR: '伏天氏'---该小说暂无更新
2018-09-19 18:10:02 [root] ERROR: '元尊'---该小说暂无更新
2018-09-19 18:10:02 [root] ERROR: '洪荒大主宰'---该小说暂无更新
2018-09-19 18:10:02 [root] ERROR: '地狱公寓异化'---该小说暂无更新
2018-09-19 18:10:02 [root] ERROR: '全职业武神'---该小说暂无更新
2018-09-19 18:10:02 [root] ERROR: '武神宿命'---该小说暂无更新
2018-09-19 20:10:02 [root] ERROR: '武炼巅峰'---该小说暂无更新
2018-09-19 20:10:02 [root] ERROR: '武神宿命'---该小说暂无更新
2018-09-19 20:10:02 [root] ERROR: '全职业武神'---该小说暂无更新
2018-09-19 20:10:02 [root] ERROR: '地狱公寓异化'---该小说暂无更新
2018-09-19 20:10:02 [root] ERROR: '三寸人间'---该小说暂无更新
2018-09-19 20:10:03 [root] ERROR: '洪荒大主宰'---该小说暂无更新
2018-09-19 20:10:03 [root] ERROR: '地狱公寓之诅咒重启'---该小说暂无更新
2018-09-19 20:10:03 [root] ERROR: '伏天氏'---该小说暂无更新
2018-09-19 20:10:03 [root] ERROR: '元尊'---该小说暂无更新
2018-09-19 22:10:02 [root] ERROR: '武炼巅峰'---该小说暂无更新
2018-09-19 22:10:02 [root] ERROR: '三寸人间'---该小说暂无更新
2018-09-19 22:10:02 [root] ERROR: '武神宿命'---该小说暂无更新
2018-09-19 22:10:02 [root] ERROR: '地狱公寓异化'---该小说暂无更新
2018-09-19 22:10:02 [root] ERROR: '地狱公寓之诅咒重启'---该小说暂无更新
2018-09-19 22:10:03 [root] ERROR: '洪荒大主宰'---该小说暂无更新
2018-09-19 22:10:03 [root] ERROR: '全职业武神'---该小说暂无更新
2018-09-19 22:10:10 [root] ERROR: '伏天氏'---该小说章节月初，求月票正在手打中
2018-09-19 22:10:11 [root] ERROR: '伏天氏'---该小说章节今晚没有更新了正在手打中
2018-09-19 22:10:11 [root] ERROR: '伏天氏'---该小说章节今晚没有了，改天补上正在手打中
2018-09-19 22:10:12 [root] ERROR: '伏天氏'---该小说章节晚上无更正在手打中
2018-09-19 22:10:13 [root] ERROR: '伏天氏'---该小说章节今晚无更正在手打中
