2018-09-27 00:10:02 [root] ERROR: '武炼巅峰'---该小说暂无更新
2018-09-27 00:10:02 [root] ERROR: '三寸人间'---该小说暂无更新
2018-09-27 00:10:02 [root] ERROR: '伏天氏'---该小说暂无更新
2018-09-27 00:10:02 [root] ERROR: '元尊'---该小说暂无更新
2018-09-27 00:10:02 [root] ERROR: '地狱公寓异化'---该小说暂无更新
2018-09-27 00:10:02 [root] ERROR: '地狱公寓之诅咒重启'---该小说暂无更新
2018-09-27 00:10:02 [root] ERROR: '洪荒大主宰'---该小说暂无更新
2018-09-27 00:10:03 [root] ERROR: '武神宿命'---该小说暂无更新
2018-09-27 00:10:03 [root] ERROR: '全职业武神'---该小说暂无更新
2018-09-27 02:10:03 [root] ERROR: '武神宿命'---该小说暂无更新
2018-09-27 02:10:03 [root] ERROR: '武炼巅峰'---该小说暂无更新
2018-09-27 02:10:03 [root] ERROR: '三寸人间'---该小说暂无更新
2018-09-27 02:10:03 [root] ERROR: '元尊'---该小说暂无更新
2018-09-27 02:10:03 [root] ERROR: '洪荒大主宰'---该小说暂无更新
2018-09-27 02:10:03 [root] ERROR: '地狱公寓之诅咒重启'---该小说暂无更新
2018-09-27 02:10:03 [root] ERROR: '全职业武神'---该小说暂无更新
2018-09-27 02:10:03 [root] ERROR: '伏天氏'---该小说暂无更新
2018-09-27 02:10:03 [root] ERROR: '地狱公寓异化'---该小说暂无更新
2018-09-27 04:10:03 [root] ERROR: '地狱公寓之诅咒重启'---该小说暂无更新
2018-09-27 04:10:03 [root] ERROR: '三寸人间'---该小说暂无更新
2018-09-27 04:10:03 [root] ERROR: '地狱公寓异化'---该小说暂无更新
2018-09-27 04:10:03 [root] ERROR: '全职业武神'---该小说暂无更新
2018-09-27 04:10:03 [root] ERROR: '武炼巅峰'---该小说暂无更新
2018-09-27 04:10:03 [root] ERROR: '元尊'---该小说暂无更新
2018-09-27 04:10:04 [root] ERROR: '伏天氏'---该小说暂无更新
2018-09-27 04:10:04 [root] ERROR: '武神宿命'---该小说暂无更新
2018-09-27 04:12:11 [root] ERROR: '洪荒大主宰'---该小说暂无更新
2018-09-27 06:10:03 [root] ERROR: '武炼巅峰'---该小说暂无更新
2018-09-27 06:10:03 [root] ERROR: '元尊'---该小说暂无更新
2018-09-27 06:10:03 [root] ERROR: '三寸人间'---该小说暂无更新
2018-09-27 06:10:03 [root] ERROR: '全职业武神'---该小说暂无更新
2018-09-27 06:10:03 [root] ERROR: '地狱公寓异化'---该小说暂无更新
2018-09-27 06:10:03 [root] ERROR: '伏天氏'---该小说暂无更新
2018-09-27 06:10:03 [root] ERROR: '洪荒大主宰'---该小说暂无更新
2018-09-27 06:12:10 [root] ERROR: '武神宿命'---该小说暂无更新
2018-09-27 06:16:24 [scrapy.core.scraper] ERROR: Error downloading <GET https://m.biquge.info/14_14610/>
Traceback (most recent call last):
  File "/usr/lib64/python2.7/site-packages/scrapy/core/downloader/middleware.py", line 43, in process_request
    defer.returnValue((yield download_func(request=request,spider=spider)))
TCPTimedOutError: TCP connection timed out: 110: Connection timed out.
2018-09-27 08:10:02 [root] ERROR: '武炼巅峰'---该小说暂无更新
2018-09-27 08:10:02 [root] ERROR: '三寸人间'---该小说暂无更新
2018-09-27 08:10:02 [root] ERROR: '全职业武神'---该小说暂无更新
2018-09-27 08:10:02 [root] ERROR: '地狱公寓之诅咒重启'---该小说暂无更新
2018-09-27 08:10:02 [root] ERROR: '元尊'---该小说暂无更新
2018-09-27 08:10:02 [root] ERROR: '地狱公寓异化'---该小说暂无更新
2018-09-27 08:10:02 [root] ERROR: '洪荒大主宰'---该小说暂无更新
2018-09-27 08:12:09 [root] ERROR: '伏天氏'---该小说暂无更新
2018-09-27 08:12:09 [root] ERROR: '武神宿命'---该小说暂无更新
2018-09-27 10:10:03 [root] ERROR: '三寸人间'---该小说暂无更新
2018-09-27 10:10:03 [root] ERROR: '全职业武神'---该小说暂无更新
2018-09-27 10:10:03 [root] ERROR: '武神宿命'---该小说暂无更新
2018-09-27 10:10:03 [root] ERROR: '伏天氏'---该小说暂无更新
2018-09-27 10:10:03 [root] ERROR: '洪荒大主宰'---该小说暂无更新
2018-09-27 10:10:03 [root] ERROR: '地狱公寓之诅咒重启'---该小说暂无更新
2018-09-27 10:10:03 [root] ERROR: '地狱公寓异化'---该小说暂无更新
2018-09-27 10:10:03 [root] ERROR: '元尊'---该小说暂无更新
2018-09-27 12:10:03 [root] ERROR: '武炼巅峰'---该小说暂无更新
2018-09-27 12:10:03 [root] ERROR: '地狱公寓之诅咒重启'---该小说暂无更新
2018-09-27 12:10:03 [root] ERROR: '武神宿命'---该小说暂无更新
2018-09-27 12:10:03 [root] ERROR: '伏天氏'---该小说暂无更新
2018-09-27 12:10:03 [root] ERROR: '洪荒大主宰'---该小说暂无更新
2018-09-27 12:10:03 [root] ERROR: '全职业武神'---该小说暂无更新
2018-09-27 12:10:03 [root] ERROR: '地狱公寓异化'---该小说暂无更新
2018-09-27 12:10:03 [root] ERROR: '元尊'---该小说暂无更新
2018-09-27 14:10:02 [root] ERROR: '武炼巅峰'---该小说暂无更新
2018-09-27 14:10:02 [root] ERROR: '全职业武神'---该小说暂无更新
2018-09-27 14:10:02 [root] ERROR: '地狱公寓异化'---该小说暂无更新
2018-09-27 14:10:02 [root] ERROR: '洪荒大主宰'---该小说暂无更新
2018-09-27 14:10:02 [root] ERROR: '三寸人间'---该小说暂无更新
2018-09-27 14:10:02 [root] ERROR: '武神宿命'---该小说暂无更新
2018-09-27 14:10:03 [root] ERROR: '地狱公寓之诅咒重启'---该小说暂无更新
2018-09-27 14:10:27 [root] ERROR: '伏天氏'---该小说章节月初，求月票正在手打中
2018-09-27 14:10:27 [root] ERROR: '伏天氏'---该小说章节今晚没有更新了正在手打中
2018-09-27 14:10:27 [root] ERROR: '伏天氏'---该小说章节今晚没有了，改天补上正在手打中
2018-09-27 14:10:28 [root] ERROR: '伏天氏'---该小说章节晚上无更正在手打中
2018-09-27 14:10:29 [root] ERROR: '伏天氏'---该小说章节今晚无更正在手打中
2018-09-27 16:10:03 [root] ERROR: '元尊'---该小说暂无更新
2018-09-27 16:10:03 [root] ERROR: '伏天氏'---该小说暂无更新
2018-09-27 16:10:03 [root] ERROR: '地狱公寓之诅咒重启'---该小说暂无更新
2018-09-27 16:10:03 [root] ERROR: '武炼巅峰'---该小说暂无更新
2018-09-27 16:10:03 [root] ERROR: '三寸人间'---该小说暂无更新
2018-09-27 16:10:03 [root] ERROR: '武神宿命'---该小说暂无更新
2018-09-27 16:10:03 [root] ERROR: '地狱公寓异化'---该小说暂无更新
2018-09-27 16:10:03 [root] ERROR: '全职业武神'---该小说暂无更新
2018-09-27 16:10:03 [root] ERROR: '洪荒大主宰'---该小说暂无更新
2018-09-27 18:10:02 [root] ERROR: '全职业武神'---该小说暂无更新
2018-09-27 18:10:02 [root] ERROR: '武炼巅峰'---该小说暂无更新
2018-09-27 18:10:02 [root] ERROR: '伏天氏'---该小说暂无更新
2018-09-27 18:10:02 [root] ERROR: '武神宿命'---该小说暂无更新
2018-09-27 18:10:02 [root] ERROR: '地狱公寓之诅咒重启'---该小说暂无更新
2018-09-27 18:10:02 [root] ERROR: '元尊'---该小说暂无更新
2018-09-27 18:10:02 [root] ERROR: '地狱公寓异化'---该小说暂无更新
2018-09-27 18:10:02 [root] ERROR: '洪荒大主宰'---该小说暂无更新
2018-09-27 20:10:02 [root] ERROR: '伏天氏'---该小说暂无更新
2018-09-27 20:10:02 [root] ERROR: '地狱公寓之诅咒重启'---该小说暂无更新
2018-09-27 20:10:02 [root] ERROR: '元尊'---该小说暂无更新
2018-09-27 20:10:02 [root] ERROR: '三寸人间'---该小说暂无更新
2018-09-27 20:10:02 [root] ERROR: '武炼巅峰'---该小说暂无更新
2018-09-27 20:10:02 [root] ERROR: '地狱公寓异化'---该小说暂无更新
2018-09-27 20:10:02 [root] ERROR: '武神宿命'---该小说暂无更新
2018-09-27 20:10:03 [root] ERROR: '洪荒大主宰'---该小说暂无更新
2018-09-27 20:10:03 [root] ERROR: '全职业武神'---该小说暂无更新
2018-09-27 22:10:03 [root] ERROR: '武炼巅峰'---该小说暂无更新
2018-09-27 22:10:03 [root] ERROR: '伏天氏'---该小说暂无更新
2018-09-27 22:10:03 [root] ERROR: '地狱公寓异化'---该小说暂无更新
2018-09-27 22:10:03 [root] ERROR: '武神宿命'---该小说暂无更新
2018-09-27 22:10:03 [root] ERROR: '三寸人间'---该小说暂无更新
2018-09-27 22:10:03 [root] ERROR: '地狱公寓之诅咒重启'---该小说暂无更新
2018-09-27 22:10:03 [root] ERROR: '全职业武神'---该小说暂无更新
2018-09-27 22:10:03 [root] ERROR: '洪荒大主宰'---该小说暂无更新
