2018-09-11 00:10:02 [root] ERROR: '武炼巅峰'---该小说暂无更新
2018-09-11 00:10:02 [root] ERROR: '三寸人间'---该小说暂无更新
2018-09-11 00:10:02 [root] ERROR: '地狱公寓之诅咒重启'---该小说暂无更新
2018-09-11 00:10:02 [root] ERROR: '全职业武神'---该小说暂无更新
2018-09-11 00:10:02 [root] ERROR: '地狱公寓异化'---该小说暂无更新
2018-09-11 00:10:02 [root] ERROR: '洪荒大主宰'---该小说暂无更新
2018-09-11 00:10:02 [root] ERROR: '武神宿命'---该小说暂无更新
2018-09-11 00:10:02 [root] ERROR: '元尊'---该小说暂无更新
2018-09-11 02:10:03 [root] ERROR: '武神宿命'---该小说暂无更新
2018-09-11 02:10:03 [root] ERROR: '地狱公寓异化'---该小说暂无更新
2018-09-11 02:10:03 [root] ERROR: '洪荒大主宰'---该小说暂无更新
2018-09-11 02:10:03 [root] ERROR: '全职业武神'---该小说暂无更新
2018-09-11 02:10:03 [root] ERROR: '武炼巅峰'---该小说暂无更新
2018-09-11 02:10:03 [root] ERROR: '三寸人间'---该小说暂无更新
2018-09-11 02:10:03 [root] ERROR: '元尊'---该小说暂无更新
2018-09-11 02:10:03 [root] ERROR: '地狱公寓之诅咒重启'---该小说暂无更新
2018-09-11 04:10:03 [root] ERROR: '三寸人间'---该小说暂无更新
2018-09-11 04:10:03 [root] ERROR: '地狱公寓之诅咒重启'---该小说暂无更新
2018-09-11 04:10:03 [root] ERROR: '武炼巅峰'---该小说暂无更新
2018-09-11 04:10:03 [root] ERROR: '元尊'---该小说暂无更新
2018-09-11 04:10:03 [root] ERROR: '全职业武神'---该小说暂无更新
2018-09-11 04:10:03 [root] ERROR: '武神宿命'---该小说暂无更新
2018-09-11 04:10:03 [root] ERROR: '洪荒大主宰'---该小说暂无更新
2018-09-11 04:10:03 [root] ERROR: '地狱公寓异化'---该小说暂无更新
2018-09-11 06:10:03 [root] ERROR: '三寸人间'---该小说暂无更新
2018-09-11 06:10:03 [root] ERROR: '全职业武神'---该小说暂无更新
2018-09-11 06:10:03 [root] ERROR: '地狱公寓之诅咒重启'---该小说暂无更新
2018-09-11 06:10:03 [root] ERROR: '武神宿命'---该小说暂无更新
2018-09-11 06:10:03 [root] ERROR: '地狱公寓异化'---该小说暂无更新
2018-09-11 06:10:03 [root] ERROR: '洪荒大主宰'---该小说暂无更新
2018-09-11 06:10:03 [root] ERROR: '武炼巅峰'---该小说暂无更新
2018-09-11 06:10:03 [root] ERROR: '元尊'---该小说暂无更新
2018-09-11 08:10:03 [root] ERROR: '武炼巅峰'---该小说暂无更新
2018-09-11 08:10:03 [root] ERROR: '三寸人间'---该小说暂无更新
2018-09-11 08:10:03 [root] ERROR: '地狱公寓之诅咒重启'---该小说暂无更新
2018-09-11 08:10:03 [root] ERROR: '武神宿命'---该小说暂无更新
2018-09-11 08:10:03 [root] ERROR: '洪荒大主宰'---该小说暂无更新
2018-09-11 08:10:03 [root] ERROR: '全职业武神'---该小说暂无更新
2018-09-11 08:10:03 [root] ERROR: '地狱公寓异化'---该小说暂无更新
2018-09-11 08:10:03 [root] ERROR: '元尊'---该小说暂无更新
2018-09-11 10:10:03 [root] ERROR: '三寸人间'---该小说暂无更新
2018-09-11 10:10:03 [root] ERROR: '地狱公寓异化'---该小说暂无更新
2018-09-11 10:10:03 [root] ERROR: '全职业武神'---该小说暂无更新
2018-09-11 10:10:03 [root] ERROR: '元尊'---该小说暂无更新
2018-09-11 10:10:03 [root] ERROR: '洪荒大主宰'---该小说暂无更新
2018-09-11 10:10:03 [root] ERROR: '地狱公寓之诅咒重启'---该小说暂无更新
2018-09-11 10:10:03 [root] ERROR: '武神宿命'---该小说暂无更新
2018-09-11 10:10:11 [root] ERROR: '伏天氏'---该小说章节月初，求月票正在手打中
2018-09-11 10:10:11 [root] ERROR: '伏天氏'---该小说章节今晚没有更新了正在手打中
2018-09-11 10:10:12 [root] ERROR: '伏天氏'---该小说章节今晚没有了，改天补上正在手打中
2018-09-11 10:10:12 [root] ERROR: '伏天氏'---该小说章节晚上无更正在手打中
2018-09-11 10:11:06 [root] ERROR: '一念永恒'---该小说章节在外办事，已提前更了正在手打中
2018-09-11 10:11:07 [root] ERROR: '一念永恒'---该小说章节1037-1038章，合章已改正在手打中
2018-09-11 10:11:10 [root] ERROR: '一念永恒'---该小说章节中午更新12点半正在手打中
2018-09-11 10:11:23 [root] ERROR: '一念永恒'---该小说章节23号三更吧正在手打中
2018-09-11 10:11:23 [root] ERROR: '一念永恒'---该小说章节更新稍晚正在手打中
2018-09-11 10:11:34 [root] ERROR: '一念永恒'---该小说章节更新晚半到一小时正在手打中
2018-09-11 10:11:39 [root] ERROR: '一念永恒'---该小说章节更新延迟正在手打中
2018-09-11 10:11:42 [root] ERROR: '一念永恒'---该小说章节没起来。。。正在手打中
2018-09-11 10:11:42 [root] ERROR: '一念永恒'---该小说章节今日晚更正在手打中
2018-09-11 10:11:42 [root] ERROR: '一念永恒'---该小说章节捂脸正在手打中
2018-09-11 10:11:45 [root] ERROR: '一念永恒'---该小说章节更新延迟正在手打中
2018-09-11 10:11:47 [root] ERROR: '一念永恒'---该小说章节《三寸人间》上架啦，已40万字，可以开宰啦~~正在手打中
2018-09-11 10:11:48 [root] ERROR: '一念永恒'---该小说章节新书《三寸人间》发布！！！求收藏！！正在手打中
2018-09-11 12:10:02 [root] ERROR: '地狱公寓之诅咒重启'---该小说暂无更新
2018-09-11 12:10:02 [root] ERROR: '元尊'---该小说暂无更新
2018-09-11 12:10:02 [root] ERROR: '伏天氏'---该小说暂无更新
2018-09-11 12:10:02 [root] ERROR: '地狱公寓异化'---该小说暂无更新
2018-09-11 12:10:02 [root] ERROR: '洪荒大主宰'---该小说暂无更新
2018-09-11 12:10:02 [root] ERROR: '武神宿命'---该小说暂无更新
2018-09-11 12:10:02 [root] ERROR: '全职业武神'---该小说暂无更新
2018-09-11 14:10:02 [root] ERROR: '地狱公寓之诅咒重启'---该小说暂无更新
2018-09-11 14:10:02 [root] ERROR: '三寸人间'---该小说暂无更新
2018-09-11 14:10:02 [root] ERROR: '元尊'---该小说暂无更新
2018-09-11 14:10:03 [root] ERROR: '地狱公寓异化'---该小说暂无更新
2018-09-11 14:10:03 [root] ERROR: '武炼巅峰'---该小说暂无更新
2018-09-11 14:10:03 [root] ERROR: '武神宿命'---该小说暂无更新
2018-09-11 14:10:03 [root] ERROR: '全职业武神'---该小说暂无更新
2018-09-11 14:10:03 [root] ERROR: '洪荒大主宰'---该小说暂无更新
2018-09-11 14:10:10 [root] ERROR: '伏天氏'---该小说章节月初，求月票正在手打中
2018-09-11 14:10:11 [root] ERROR: '伏天氏'---该小说章节今晚没有更新了正在手打中
2018-09-11 14:10:11 [root] ERROR: '伏天氏'---该小说章节今晚没有了，改天补上正在手打中
2018-09-11 14:10:12 [root] ERROR: '伏天氏'---该小说章节晚上无更正在手打中
2018-09-11 16:10:02 [root] ERROR: '洪荒大主宰'---该小说暂无更新
2018-09-11 16:10:02 [root] ERROR: '全职业武神'---该小说暂无更新
2018-09-11 16:10:02 [root] ERROR: '三寸人间'---该小说暂无更新
2018-09-11 16:10:02 [root] ERROR: '地狱公寓之诅咒重启'---该小说暂无更新
2018-09-11 16:10:02 [root] ERROR: '武炼巅峰'---该小说暂无更新
2018-09-11 16:10:02 [root] ERROR: '武神宿命'---该小说暂无更新
2018-09-11 16:10:02 [root] ERROR: '伏天氏'---该小说暂无更新
2018-09-11 16:10:02 [root] ERROR: '地狱公寓异化'---该小说暂无更新
2018-09-11 16:10:02 [root] ERROR: '元尊'---该小说暂无更新
2018-09-11 16:38:16 [root] ERROR: '我欲封天'---该小说章节新书《三寸人间》发布！！！求收藏！！！正在手打中
2018-09-11 16:38:16 [root] ERROR: '我欲封天'---该小说章节《三寸人间》40万字啦，可以开宰啦~~正在手打中
2018-09-11 16:38:17 [root] ERROR: '我欲封天'---该小说章节新书《一念永恒》，VIP上架啦正在手打中
2018-09-11 16:38:17 [root] ERROR: '我欲封天'---该小说章节外传第二篇已发！正在手打中
2018-09-11 16:38:17 [root] ERROR: '我欲封天'---该小说章节我的新书《一念永恒》，正式发布！正在手打中
2018-09-11 16:41:00 [root] ERROR: '我欲封天'---该小说章节外传第二篇已发！正在手打中
2018-09-11 16:41:00 [root] ERROR: '我欲封天'---该小说章节新书《三寸人间》发布！！！求收藏！！！正在手打中
2018-09-11 16:41:00 [root] ERROR: '我欲封天'---该小说章节我的新书《一念永恒》，正式发布！正在手打中
2018-09-11 16:41:00 [root] ERROR: '我欲封天'---该小说章节《三寸人间》40万字啦，可以开宰啦~~正在手打中
2018-09-11 16:41:00 [root] ERROR: '我欲封天'---该小说章节新书《一念永恒》，VIP上架啦正在手打中
2018-09-11 16:47:45 [root] ERROR: '求魔'---该小说章节新书《一念永恒》，VIP上架啦正在手打中
2018-09-11 18:10:03 [root] ERROR: '武炼巅峰'---该小说暂无更新
2018-09-11 18:10:03 [root] ERROR: '元尊'---该小说暂无更新
2018-09-11 18:10:03 [root] ERROR: '洪荒大主宰'---该小说暂无更新
2018-09-11 18:10:03 [root] ERROR: '武神宿命'---该小说暂无更新
2018-09-11 18:10:03 [root] ERROR: '地狱公寓之诅咒重启'---该小说暂无更新
2018-09-11 18:10:03 [root] ERROR: '全职业武神'---该小说暂无更新
2018-09-11 18:10:03 [root] ERROR: '地狱公寓异化'---该小说暂无更新
2018-09-11 18:10:03 [root] ERROR: '伏天氏'---该小说暂无更新
2018-09-11 20:10:03 [root] ERROR: '武炼巅峰'---该小说暂无更新
2018-09-11 20:10:03 [root] ERROR: '地狱公寓之诅咒重启'---该小说暂无更新
2018-09-11 20:10:03 [root] ERROR: '伏天氏'---该小说暂无更新
2018-09-11 20:10:03 [root] ERROR: '武神宿命'---该小说暂无更新
2018-09-11 20:10:03 [root] ERROR: '三寸人间'---该小说暂无更新
2018-09-11 20:10:03 [root] ERROR: '洪荒大主宰'---该小说暂无更新
2018-09-11 20:10:03 [root] ERROR: '元尊'---该小说暂无更新
2018-09-11 20:10:03 [root] ERROR: '地狱公寓异化'---该小说暂无更新
2018-09-11 20:10:03 [root] ERROR: '全职业武神'---该小说暂无更新
2018-09-11 22:10:03 [root] ERROR: '武炼巅峰'---该小说暂无更新
2018-09-11 22:10:03 [root] ERROR: '洪荒大主宰'---该小说暂无更新
2018-09-11 22:10:03 [root] ERROR: '地狱公寓之诅咒重启'---该小说暂无更新
2018-09-11 22:10:03 [root] ERROR: '伏天氏'---该小说暂无更新
2018-09-11 22:10:03 [root] ERROR: '三寸人间'---该小说暂无更新
2018-09-11 22:10:03 [root] ERROR: '地狱公寓异化'---该小说暂无更新
2018-09-11 22:10:03 [root] ERROR: '武神宿命'---该小说暂无更新
2018-09-11 22:10:03 [root] ERROR: '全职业武神'---该小说暂无更新
