2018-09-13 00:10:02 [root] ERROR: '元尊'---该小说暂无更新
2018-09-13 00:10:02 [root] ERROR: '武神宿命'---该小说暂无更新
2018-09-13 00:10:02 [root] ERROR: '地狱公寓之诅咒重启'---该小说暂无更新
2018-09-13 00:10:02 [root] ERROR: '洪荒大主宰'---该小说暂无更新
2018-09-13 00:10:02 [root] ERROR: '三寸人间'---该小说暂无更新
2018-09-13 00:10:02 [root] ERROR: '地狱公寓异化'---该小说暂无更新
2018-09-13 00:10:02 [root] ERROR: '全职业武神'---该小说暂无更新
2018-09-13 00:10:02 [root] ERROR: '武炼巅峰'---该小说暂无更新
2018-09-13 00:10:09 [root] ERROR: '伏天氏'---该小说章节月初，求月票正在手打中
2018-09-13 00:10:09 [root] ERROR: '伏天氏'---该小说章节今晚没有更新了正在手打中
2018-09-13 00:10:09 [root] ERROR: '伏天氏'---该小说章节今晚没有了，改天补上正在手打中
2018-09-13 00:10:10 [root] ERROR: '伏天氏'---该小说章节晚上无更正在手打中
2018-09-13 00:10:11 [root] ERROR: '伏天氏'---该小说章节今晚无更正在手打中
2018-09-13 02:10:03 [root] ERROR: '全职业武神'---该小说暂无更新
2018-09-13 02:10:03 [root] ERROR: '武神宿命'---该小说暂无更新
2018-09-13 02:10:03 [root] ERROR: '地狱公寓之诅咒重启'---该小说暂无更新
2018-09-13 02:10:03 [root] ERROR: '三寸人间'---该小说暂无更新
2018-09-13 02:10:03 [root] ERROR: '洪荒大主宰'---该小说暂无更新
2018-09-13 02:10:03 [root] ERROR: '武炼巅峰'---该小说暂无更新
2018-09-13 02:10:03 [root] ERROR: '地狱公寓异化'---该小说暂无更新
2018-09-13 02:10:03 [root] ERROR: '元尊'---该小说暂无更新
2018-09-13 02:10:10 [root] ERROR: '伏天氏'---该小说章节月初，求月票正在手打中
2018-09-13 02:10:10 [root] ERROR: '伏天氏'---该小说章节今晚没有更新了正在手打中
2018-09-13 02:10:11 [root] ERROR: '伏天氏'---该小说章节今晚没有了，改天补上正在手打中
2018-09-13 02:10:12 [root] ERROR: '伏天氏'---该小说章节晚上无更正在手打中
2018-09-13 02:10:13 [root] ERROR: '伏天氏'---该小说章节今晚无更正在手打中
2018-09-13 04:10:03 [root] ERROR: '元尊'---该小说暂无更新
2018-09-13 04:10:03 [root] ERROR: '武炼巅峰'---该小说暂无更新
2018-09-13 04:10:03 [root] ERROR: '地狱公寓异化'---该小说暂无更新
2018-09-13 04:10:03 [root] ERROR: '地狱公寓之诅咒重启'---该小说暂无更新
2018-09-13 04:10:03 [root] ERROR: '武神宿命'---该小说暂无更新
2018-09-13 04:10:03 [root] ERROR: '全职业武神'---该小说暂无更新
2018-09-13 04:10:03 [root] ERROR: '三寸人间'---该小说暂无更新
2018-09-13 04:10:03 [root] ERROR: '洪荒大主宰'---该小说暂无更新
2018-09-13 04:10:10 [root] ERROR: '伏天氏'---该小说章节月初，求月票正在手打中
2018-09-13 04:10:11 [root] ERROR: '伏天氏'---该小说章节今晚没有更新了正在手打中
2018-09-13 04:10:11 [root] ERROR: '伏天氏'---该小说章节今晚没有了，改天补上正在手打中
2018-09-13 04:10:12 [root] ERROR: '伏天氏'---该小说章节晚上无更正在手打中
2018-09-13 04:10:12 [root] ERROR: '伏天氏'---该小说章节今晚无更正在手打中
2018-09-13 06:10:03 [root] ERROR: '武炼巅峰'---该小说暂无更新
2018-09-13 06:10:03 [root] ERROR: '三寸人间'---该小说暂无更新
2018-09-13 06:10:03 [root] ERROR: '武神宿命'---该小说暂无更新
2018-09-13 06:10:03 [root] ERROR: '元尊'---该小说暂无更新
2018-09-13 06:10:03 [root] ERROR: '地狱公寓之诅咒重启'---该小说暂无更新
2018-09-13 06:10:03 [root] ERROR: '洪荒大主宰'---该小说暂无更新
2018-09-13 06:10:03 [root] ERROR: '地狱公寓异化'---该小说暂无更新
2018-09-13 06:10:03 [root] ERROR: '全职业武神'---该小说暂无更新
2018-09-13 06:10:09 [root] ERROR: '伏天氏'---该小说章节月初，求月票正在手打中
2018-09-13 06:10:09 [root] ERROR: '伏天氏'---该小说章节今晚没有更新了正在手打中
2018-09-13 06:10:10 [root] ERROR: '伏天氏'---该小说章节今晚没有了，改天补上正在手打中
2018-09-13 06:10:11 [root] ERROR: '伏天氏'---该小说章节晚上无更正在手打中
2018-09-13 06:10:11 [root] ERROR: '伏天氏'---该小说章节今晚无更正在手打中
2018-09-13 08:10:03 [root] ERROR: '元尊'---该小说暂无更新
2018-09-13 08:10:03 [root] ERROR: '地狱公寓之诅咒重启'---该小说暂无更新
2018-09-13 08:10:03 [root] ERROR: '洪荒大主宰'---该小说暂无更新
2018-09-13 08:10:03 [root] ERROR: '三寸人间'---该小说暂无更新
2018-09-13 08:10:03 [root] ERROR: '武神宿命'---该小说暂无更新
2018-09-13 08:10:03 [root] ERROR: '全职业武神'---该小说暂无更新
2018-09-13 08:10:03 [root] ERROR: '地狱公寓异化'---该小说暂无更新
2018-09-13 08:10:10 [root] ERROR: '伏天氏'---该小说章节月初，求月票正在手打中
2018-09-13 08:10:10 [root] ERROR: '伏天氏'---该小说章节今晚没有更新了正在手打中
2018-09-13 08:10:11 [root] ERROR: '伏天氏'---该小说章节今晚没有了，改天补上正在手打中
2018-09-13 08:10:11 [root] ERROR: '伏天氏'---该小说章节晚上无更正在手打中
2018-09-13 08:10:12 [root] ERROR: '伏天氏'---该小说章节今晚无更正在手打中
2018-09-13 10:10:02 [root] ERROR: '全职业武神'---该小说暂无更新
2018-09-13 10:10:02 [root] ERROR: '武神宿命'---该小说暂无更新
2018-09-13 10:10:02 [root] ERROR: '武炼巅峰'---该小说暂无更新
2018-09-13 10:10:02 [root] ERROR: '三寸人间'---该小说暂无更新
2018-09-13 10:10:02 [root] ERROR: '地狱公寓异化'---该小说暂无更新
2018-09-13 10:10:02 [root] ERROR: '伏天氏'---该小说暂无更新
2018-09-13 10:10:02 [root] ERROR: '地狱公寓之诅咒重启'---该小说暂无更新
2018-09-13 10:10:02 [root] ERROR: '元尊'---该小说暂无更新
2018-09-13 10:10:03 [root] ERROR: '洪荒大主宰'---该小说暂无更新
2018-09-13 12:10:03 [root] ERROR: '伏天氏'---该小说暂无更新
2018-09-13 12:10:03 [root] ERROR: '武炼巅峰'---该小说暂无更新
2018-09-13 12:10:03 [root] ERROR: '洪荒大主宰'---该小说暂无更新
2018-09-13 12:10:03 [root] ERROR: '地狱公寓异化'---该小说暂无更新
2018-09-13 12:10:03 [root] ERROR: '元尊'---该小说暂无更新
2018-09-13 12:10:03 [root] ERROR: '武神宿命'---该小说暂无更新
2018-09-13 12:10:03 [root] ERROR: '地狱公寓之诅咒重启'---该小说暂无更新
2018-09-13 12:10:04 [root] ERROR: '全职业武神'---该小说暂无更新
2018-09-13 14:10:03 [root] ERROR: '伏天氏'---该小说暂无更新
2018-09-13 14:10:03 [root] ERROR: '三寸人间'---该小说暂无更新
2018-09-13 14:10:03 [root] ERROR: '地狱公寓异化'---该小说暂无更新
2018-09-13 14:10:03 [root] ERROR: '全职业武神'---该小说暂无更新
2018-09-13 14:10:03 [root] ERROR: '地狱公寓之诅咒重启'---该小说暂无更新
2018-09-13 14:10:03 [root] ERROR: '武炼巅峰'---该小说暂无更新
2018-09-13 14:10:03 [root] ERROR: '元尊'---该小说暂无更新
2018-09-13 14:10:04 [root] ERROR: '洪荒大主宰'---该小说暂无更新
2018-09-13 16:10:02 [root] ERROR: '全职业武神'---该小说暂无更新
2018-09-13 16:10:02 [root] ERROR: '洪荒大主宰'---该小说暂无更新
2018-09-13 16:10:02 [root] ERROR: '武炼巅峰'---该小说暂无更新
2018-09-13 16:10:02 [root] ERROR: '地狱公寓异化'---该小说暂无更新
2018-09-13 16:10:02 [root] ERROR: '元尊'---该小说暂无更新
2018-09-13 16:10:02 [root] ERROR: '武神宿命'---该小说暂无更新
2018-09-13 16:10:02 [root] ERROR: '伏天氏'---该小说暂无更新
2018-09-13 16:10:02 [root] ERROR: '三寸人间'---该小说暂无更新
2018-09-13 16:10:03 [root] ERROR: '地狱公寓之诅咒重启'---该小说暂无更新
2018-09-13 18:10:03 [root] ERROR: '武炼巅峰'---该小说暂无更新
2018-09-13 18:10:03 [root] ERROR: '全职业武神'---该小说暂无更新
2018-09-13 18:10:03 [root] ERROR: '地狱公寓之诅咒重启'---该小说暂无更新
2018-09-13 18:10:03 [root] ERROR: '伏天氏'---该小说暂无更新
2018-09-13 18:10:03 [root] ERROR: '洪荒大主宰'---该小说暂无更新
2018-09-13 18:10:03 [root] ERROR: '元尊'---该小说暂无更新
2018-09-13 18:10:03 [root] ERROR: '武神宿命'---该小说暂无更新
2018-09-13 18:10:03 [root] ERROR: '地狱公寓异化'---该小说暂无更新
2018-09-13 20:10:02 [root] ERROR: '武炼巅峰'---该小说暂无更新
2018-09-13 20:10:02 [root] ERROR: '三寸人间'---该小说暂无更新
2018-09-13 20:10:02 [root] ERROR: '元尊'---该小说暂无更新
2018-09-13 20:10:03 [root] ERROR: '武神宿命'---该小说暂无更新
2018-09-13 20:10:03 [root] ERROR: '地狱公寓之诅咒重启'---该小说暂无更新
2018-09-13 20:10:03 [root] ERROR: '全职业武神'---该小说暂无更新
2018-09-13 20:10:03 [root] ERROR: '洪荒大主宰'---该小说暂无更新
2018-09-13 20:10:03 [root] ERROR: '地狱公寓异化'---该小说暂无更新
2018-09-13 20:10:10 [root] ERROR: '伏天氏'---该小说章节月初，求月票正在手打中
2018-09-13 20:10:10 [root] ERROR: '伏天氏'---该小说章节今晚没有更新了正在手打中
2018-09-13 20:10:11 [root] ERROR: '伏天氏'---该小说章节今晚没有了，改天补上正在手打中
2018-09-13 20:10:11 [root] ERROR: '伏天氏'---该小说章节晚上无更正在手打中
2018-09-13 20:10:13 [root] ERROR: '伏天氏'---该小说章节今晚无更正在手打中
2018-09-13 22:10:03 [root] ERROR: '武炼巅峰'---该小说暂无更新
2018-09-13 22:10:03 [root] ERROR: '三寸人间'---该小说暂无更新
2018-09-13 22:10:03 [root] ERROR: '洪荒大主宰'---该小说暂无更新
2018-09-13 22:10:03 [root] ERROR: '全职业武神'---该小说暂无更新
2018-09-13 22:10:03 [root] ERROR: '武神宿命'---该小说暂无更新
2018-09-13 22:10:03 [root] ERROR: '伏天氏'---该小说暂无更新
2018-09-13 22:10:03 [root] ERROR: '地狱公寓之诅咒重启'---该小说暂无更新
2018-09-13 22:10:04 [root] ERROR: '地狱公寓异化'---该小说暂无更新
