2018-10-08 00:10:02 [root] ERROR: '武炼巅峰'---该小说暂无更新
2018-10-08 00:10:02 [root] ERROR: '三寸人间'---该小说暂无更新
2018-10-08 00:10:02 [root] ERROR: '地狱公寓异化'---该小说暂无更新
2018-10-08 00:10:02 [root] ERROR: '元尊'---该小说暂无更新
2018-10-08 00:10:02 [root] ERROR: '武神宿命'---该小说暂无更新
2018-10-08 00:10:02 [root] ERROR: '全职业武神'---该小说暂无更新
2018-10-08 00:10:02 [root] ERROR: '洪荒大主宰'---该小说暂无更新
2018-10-08 00:10:03 [root] ERROR: '地狱公寓之诅咒重启'---该小说暂无更新
2018-10-08 00:10:14 [root] ERROR: '伏天氏'---该小说章节月初，求月票正在手打中
2018-10-08 00:10:14 [root] ERROR: '伏天氏'---该小说章节今晚没有更新了正在手打中
2018-10-08 00:10:14 [root] ERROR: '伏天氏'---该小说章节今晚没有了，改天补上正在手打中
2018-10-08 00:10:15 [root] ERROR: '伏天氏'---该小说章节晚上无更正在手打中
2018-10-08 00:10:16 [root] ERROR: '伏天氏'---该小说章节今晚无更正在手打中
2018-10-08 00:10:17 [root] ERROR: '伏天氏'---该小说章节起床求月票了正在手打中
2018-10-08 02:10:03 [root] ERROR: '武神宿命'---该小说暂无更新
2018-10-08 02:10:03 [root] ERROR: '三寸人间'---该小说暂无更新
2018-10-08 02:10:03 [root] ERROR: '伏天氏'---该小说暂无更新
2018-10-08 02:10:03 [root] ERROR: '地狱公寓之诅咒重启'---该小说暂无更新
2018-10-08 02:10:03 [root] ERROR: '元尊'---该小说暂无更新
2018-10-08 02:10:03 [root] ERROR: '武炼巅峰'---该小说暂无更新
2018-10-08 02:10:03 [root] ERROR: '全职业武神'---该小说暂无更新
2018-10-08 02:10:03 [root] ERROR: '洪荒大主宰'---该小说暂无更新
2018-10-08 02:10:03 [root] ERROR: '地狱公寓异化'---该小说暂无更新
2018-10-08 04:10:02 [root] ERROR: '洪荒大主宰'---该小说暂无更新
2018-10-08 04:10:02 [root] ERROR: '三寸人间'---该小说暂无更新
2018-10-08 04:10:02 [root] ERROR: '地狱公寓异化'---该小说暂无更新
2018-10-08 04:10:02 [root] ERROR: '伏天氏'---该小说暂无更新
2018-10-08 04:10:02 [root] ERROR: '元尊'---该小说暂无更新
2018-10-08 04:10:02 [root] ERROR: '全职业武神'---该小说暂无更新
2018-10-08 04:10:02 [root] ERROR: '地狱公寓之诅咒重启'---该小说暂无更新
2018-10-08 04:10:02 [root] ERROR: '武炼巅峰'---该小说暂无更新
2018-10-08 04:10:03 [root] ERROR: '武神宿命'---该小说暂无更新
2018-10-08 06:10:03 [root] ERROR: '地狱公寓之诅咒重启'---该小说暂无更新
2018-10-08 06:10:03 [root] ERROR: '伏天氏'---该小说暂无更新
2018-10-08 06:10:03 [root] ERROR: '武炼巅峰'---该小说暂无更新
2018-10-08 06:10:03 [root] ERROR: '武神宿命'---该小说暂无更新
2018-10-08 06:10:03 [root] ERROR: '元尊'---该小说暂无更新
2018-10-08 06:10:03 [root] ERROR: '地狱公寓异化'---该小说暂无更新
2018-10-08 06:10:03 [root] ERROR: '全职业武神'---该小说暂无更新
2018-10-08 06:10:03 [root] ERROR: '三寸人间'---该小说暂无更新
2018-10-08 06:10:03 [root] ERROR: '洪荒大主宰'---该小说暂无更新
2018-10-08 08:10:02 [root] ERROR: '武炼巅峰'---该小说暂无更新
2018-10-08 08:10:02 [root] ERROR: '三寸人间'---该小说暂无更新
2018-10-08 08:10:02 [root] ERROR: '元尊'---该小说暂无更新
2018-10-08 08:10:02 [root] ERROR: '伏天氏'---该小说暂无更新
2018-10-08 08:10:02 [root] ERROR: '武神宿命'---该小说暂无更新
2018-10-08 08:10:02 [root] ERROR: '全职业武神'---该小说暂无更新
2018-10-08 08:10:02 [root] ERROR: '地狱公寓之诅咒重启'---该小说暂无更新
2018-10-08 08:10:02 [root] ERROR: '地狱公寓异化'---该小说暂无更新
2018-10-08 08:10:03 [root] ERROR: '洪荒大主宰'---该小说暂无更新
2018-10-08 10:10:02 [root] ERROR: '三寸人间'---该小说暂无更新
2018-10-08 10:10:02 [root] ERROR: '武神宿命'---该小说暂无更新
2018-10-08 10:10:02 [root] ERROR: '洪荒大主宰'---该小说暂无更新
2018-10-08 10:10:02 [root] ERROR: '伏天氏'---该小说暂无更新
2018-10-08 10:10:02 [root] ERROR: '地狱公寓之诅咒重启'---该小说暂无更新
2018-10-08 10:10:02 [root] ERROR: '元尊'---该小说暂无更新
2018-10-08 10:10:02 [root] ERROR: '全职业武神'---该小说暂无更新
2018-10-08 10:10:03 [root] ERROR: '地狱公寓异化'---该小说暂无更新
2018-10-08 12:10:03 [root] ERROR: '武炼巅峰'---该小说暂无更新
2018-10-08 12:10:03 [root] ERROR: '洪荒大主宰'---该小说暂无更新
2018-10-08 12:10:03 [root] ERROR: '地狱公寓异化'---该小说暂无更新
2018-10-08 12:10:03 [root] ERROR: '元尊'---该小说暂无更新
2018-10-08 12:10:03 [root] ERROR: '伏天氏'---该小说暂无更新
2018-10-08 12:10:03 [root] ERROR: '地狱公寓之诅咒重启'---该小说暂无更新
2018-10-08 12:10:03 [root] ERROR: '全职业武神'---该小说暂无更新
2018-10-08 12:10:03 [root] ERROR: '武神宿命'---该小说暂无更新
2018-10-08 14:10:02 [root] ERROR: '武炼巅峰'---该小说暂无更新
2018-10-08 14:10:02 [root] ERROR: '三寸人间'---该小说暂无更新
2018-10-08 14:10:03 [root] ERROR: '地狱公寓之诅咒重启'---该小说暂无更新
2018-10-08 14:10:03 [root] ERROR: '洪荒大主宰'---该小说暂无更新
2018-10-08 14:10:03 [root] ERROR: '全职业武神'---该小说暂无更新
2018-10-08 14:10:03 [root] ERROR: '地狱公寓异化'---该小说暂无更新
2018-10-08 14:10:03 [root] ERROR: '武神宿命'---该小说暂无更新
2018-10-08 14:10:03 [root] ERROR: '元尊'---该小说暂无更新
2018-10-08 14:10:10 [root] ERROR: '伏天氏'---该小说章节月初，求月票正在手打中
2018-10-08 14:10:10 [root] ERROR: '伏天氏'---该小说章节今晚没有更新了正在手打中
2018-10-08 14:10:10 [root] ERROR: '伏天氏'---该小说章节今晚没有了，改天补上正在手打中
2018-10-08 14:10:11 [root] ERROR: '伏天氏'---该小说章节晚上无更正在手打中
2018-10-08 14:10:12 [root] ERROR: '伏天氏'---该小说章节今晚无更正在手打中
2018-10-08 14:10:12 [root] ERROR: '伏天氏'---该小说章节起床求月票了正在手打中
2018-10-08 16:10:02 [root] ERROR: '武炼巅峰'---该小说暂无更新
2018-10-08 16:10:02 [root] ERROR: '元尊'---该小说暂无更新
2018-10-08 16:10:02 [root] ERROR: '地狱公寓异化'---该小说暂无更新
2018-10-08 16:10:02 [root] ERROR: '伏天氏'---该小说暂无更新
2018-10-08 16:10:02 [root] ERROR: '三寸人间'---该小说暂无更新
2018-10-08 16:10:02 [root] ERROR: '武神宿命'---该小说暂无更新
2018-10-08 16:10:02 [root] ERROR: '全职业武神'---该小说暂无更新
2018-10-08 16:10:02 [root] ERROR: '地狱公寓之诅咒重启'---该小说暂无更新
2018-10-08 16:10:02 [root] ERROR: '洪荒大主宰'---该小说暂无更新
2018-10-08 18:10:02 [root] ERROR: '武炼巅峰'---该小说暂无更新
2018-10-08 18:10:02 [root] ERROR: '地狱公寓异化'---该小说暂无更新
2018-10-08 18:10:02 [root] ERROR: '地狱公寓之诅咒重启'---该小说暂无更新
2018-10-08 18:10:02 [root] ERROR: '全职业武神'---该小说暂无更新
2018-10-08 18:10:02 [root] ERROR: '洪荒大主宰'---该小说暂无更新
2018-10-08 18:10:02 [root] ERROR: '伏天氏'---该小说暂无更新
2018-10-08 18:10:03 [root] ERROR: '武神宿命'---该小说暂无更新
2018-10-08 20:10:03 [root] ERROR: '武炼巅峰'---该小说暂无更新
2018-10-08 20:10:03 [root] ERROR: '三寸人间'---该小说暂无更新
2018-10-08 20:10:03 [root] ERROR: '伏天氏'---该小说暂无更新
2018-10-08 20:10:03 [root] ERROR: '洪荒大主宰'---该小说暂无更新
2018-10-08 20:10:03 [root] ERROR: '地狱公寓之诅咒重启'---该小说暂无更新
2018-10-08 20:10:03 [root] ERROR: '武神宿命'---该小说暂无更新
2018-10-08 20:10:03 [root] ERROR: '元尊'---该小说暂无更新
2018-10-08 20:10:03 [root] ERROR: '全职业武神'---该小说暂无更新
2018-10-08 20:10:03 [root] ERROR: '地狱公寓异化'---该小说暂无更新
2018-10-08 22:10:02 [root] ERROR: '武神宿命'---该小说暂无更新
2018-10-08 22:10:02 [root] ERROR: '洪荒大主宰'---该小说暂无更新
2018-10-08 22:10:02 [root] ERROR: '全职业武神'---该小说暂无更新
2018-10-08 22:10:03 [root] ERROR: '地狱公寓异化'---该小说暂无更新
2018-10-08 22:10:03 [root] ERROR: '三寸人间'---该小说暂无更新
2018-10-08 22:10:03 [root] ERROR: '武炼巅峰'---该小说暂无更新
2018-10-08 22:10:09 [root] ERROR: '伏天氏'---该小说章节月初，求月票正在手打中
2018-10-08 22:10:10 [root] ERROR: '伏天氏'---该小说章节今晚没有更新了正在手打中
2018-10-08 22:10:10 [root] ERROR: '伏天氏'---该小说章节今晚没有了，改天补上正在手打中
2018-10-08 22:10:11 [root] ERROR: '伏天氏'---该小说章节晚上无更正在手打中
2018-10-08 22:10:12 [root] ERROR: '伏天氏'---该小说章节今晚无更正在手打中
2018-10-08 22:10:13 [root] ERROR: '伏天氏'---该小说章节起床求月票了正在手打中
2018-10-08 22:10:20 [root] ERROR: '地狱公寓之诅咒重启'---该小说暂无更新
